#
# There is insufficient memory for the Java Runtime Environment to continue.
# Native memory allocation (malloc) failed to allocate 1931856 bytes. Error detail: Chunk::new
# Possible reasons:
#   The system is out of physical RAM or swap space
#   This process is running with CompressedOops enabled, and the Java Heap may be blocking the growth of the native heap
# Possible solutions:
#   Reduce memory load on the system
#   Increase physical memory or swap space
#   Check if swap backing store is full
#   Decrease Java heap size (-Xmx/-Xms)
#   Decrease number of Java threads
#   Decrease Java thread stack sizes (-Xss)
#   Set larger code cache with -XX:ReservedCodeCacheSize=
#   JVM is running with Unscaled Compressed Oops mode in which the Java heap is
#     placed in the first 4GB address space. The Java Heap base address is the
#     maximum limit for the native heap growth. Please use -XX:HeapBaseMinAddress
#     to set the Java Heap base and to place the Java Heap above 4GB virtual address.
# This output file may be truncated or incomplete.
#
#  Out of Memory Error (arena.cpp:191), pid=25644, tid=21028
#
# JRE version: OpenJDK Runtime Environment Temurin-17.0.11+9 (17.0.11+9) (build 17.0.11+9)
# Java VM: OpenJDK 64-Bit Server VM Temurin-17.0.11+9 (17.0.11+9, mixed mode, tiered, compressed oops, compressed class ptrs, parallel gc, windows-amd64)
# No core dump will be written. Minidumps are not enabled by default on client versions of Windows
#

---------------  S U M M A R Y ------------

Command Line: --add-modules=ALL-SYSTEM --add-opens=java.base/java.util=ALL-UNNAMED --add-opens=java.base/java.lang=ALL-UNNAMED --add-opens=java.base/sun.nio.fs=ALL-UNNAMED -Declipse.application=org.eclipse.jdt.ls.core.id1 -Dosgi.bundles.defaultStartLevel=4 -Declipse.product=org.eclipse.jdt.ls.core.product -Djava.import.generatesMetadataFilesAtProjectRoot=false -DDetectVMInstallationsJob.disabled=true -Dfile.encoding=utf8 -XX:+UseParallelGC -XX:GCTimeRatio=4 -XX:AdaptiveSizePolicyWeight=90 -Dsun.zip.disableMemoryMapping=true -Xmx1G -Xms100m -Xlog:disable -javaagent:c:\Users\Bunty\.vscode\extensions\redhat.java-1.33.0-win32-x64\lombok\lombok-1.18.33.jar -XX:+HeapDumpOnOutOfMemoryError -XX:HeapDumpPath=c:\Users\Bunty\AppData\Roaming\Code\User\workspaceStorage\d0dcb43cc1d013b454b472d158cd5246\redhat.java -Daether.dependencyCollector.impl=bf c:\Users\Bunty\.vscode\extensions\redhat.java-1.33.0-win32-x64\server\plugins\org.eclipse.equinox.launcher_1.6.900.v20240613-2009.jar -configuration c:\Users\Bunty\AppData\Roaming\Code\User\globalStorage\redhat.java\1.33.0\config_win -data c:\Users\Bunty\AppData\Roaming\Code\User\workspaceStorage\d0dcb43cc1d013b454b472d158cd5246\redhat.java\jdt_ws --pipe=\\.\pipe\lsp-d955a6062208837f961a87a825db0d76-sock

Host: 11th Gen Intel(R) Core(TM) i5-11400H @ 2.70GHz, 12 cores, 7G,  Windows 11 , 64 bit Build 22621 (10.0.22621.3958)
Time: Thu Aug  8 02:14:08 2024 India Standard Time elapsed time: 37.542608 seconds (0d 0h 0m 37s)

---------------  T H R E A D  ---------------

Current thread (0x000001e77d947860):  JavaThread "C2 CompilerThread0" daemon [_thread_in_native, id=21028, stack(0x0000008e8b300000,0x0000008e8b400000)]


Current CompileTask:
C2:  37542 14813       4       org.eclipse.jdt.internal.compiler.lookup.ModuleBinding::getVisiblePackage (472 bytes)

Stack: [0x0000008e8b300000,0x0000008e8b400000]
Native frames: (J=compiled Java code, j=interpreted, Vv=VM code, C=native code)
V  [jvm.dll+0x67d429]
V  [jvm.dll+0x834b7a]
V  [jvm.dll+0x83663e]
V  [jvm.dll+0x836ca3]
V  [jvm.dll+0x247dbf]
V  [jvm.dll+0xac534]
V  [jvm.dll+0xacb7c]
V  [jvm.dll+0x3665f2]
V  [jvm.dll+0x330bba]
V  [jvm.dll+0x33005a]
V  [jvm.dll+0x21a471]
V  [jvm.dll+0x2198b1]
V  [jvm.dll+0x1a534d]
V  [jvm.dll+0x2295cd]
V  [jvm.dll+0x22779c]
V  [jvm.dll+0x7e9d07]
V  [jvm.dll+0x7e410a]
V  [jvm.dll+0x67c315]
C  [ucrtbase.dll+0x29333]
C  [KERNEL32.DLL+0x1257d]
C  [ntdll.dll+0x5af28]


---------------  P R O C E S S  ---------------

Threads class SMR info:
_java_thread_list=0x000001e710c43cf0, length=53, elements={
0x000001e773932c50, 0x000001e7787b7020, 0x000001e7787b8290, 0x000001e77d924b50,
0x000001e77d940750, 0x000001e77d942130, 0x000001e77d942c00, 0x000001e77d947860,
0x000001e77d94b670, 0x000001e77d94f370, 0x000001e77da27850, 0x000001e77dc3d040,
0x000001e70f1d6510, 0x000001e70f31e400, 0x000001e70f31e8e0, 0x000001e70f0ef300,
0x000001e70f964020, 0x000001e70fb829c0, 0x000001e70fb838f0, 0x000001e70fb824b0,
0x000001e70fb82ed0, 0x000001e70fb81580, 0x000001e70fb833e0, 0x000001e70fb83e00,
0x000001e70fb84310, 0x000001e70fb81a90, 0x000001e70fb80b60, 0x000001e77f272460,
0x000001e77f26f1c0, 0x000001e77f26c430, 0x000001e77f26bf20, 0x000001e77f2700f0,
0x000001e77f273390, 0x000001e77f26d870, 0x000001e77f272e80, 0x000001e77f270600,
0x000001e77f271020, 0x000001e77f26dd80, 0x000001e77f26ce50, 0x000001e77f26e290,
0x000001e77f270b10, 0x000001e77f26e7a0, 0x000001e77f271530, 0x000001e77f2738a0,
0x000001e77f26f6d0, 0x000001e77f26ecb0, 0x000001e77f271a40, 0x000001e77f272970,
0x000001e77f271f50, 0x000001e77f26d360, 0x000001e710620bb0, 0x000001e71061e840,
0x000001e71061e330
}

Java Threads: ( => current thread )
  0x000001e773932c50 JavaThread "main" [_thread_blocked, id=11672, stack(0x0000008e8aa00000,0x0000008e8ab00000)]
  0x000001e7787b7020 JavaThread "Reference Handler" daemon [_thread_blocked, id=14776, stack(0x0000008e8ad00000,0x0000008e8ae00000)]
  0x000001e7787b8290 JavaThread "Finalizer" daemon [_thread_blocked, id=27428, stack(0x0000008e8ae00000,0x0000008e8af00000)]
  0x000001e77d924b50 JavaThread "Signal Dispatcher" daemon [_thread_blocked, id=9860, stack(0x0000008e8af00000,0x0000008e8b000000)]
  0x000001e77d940750 JavaThread "Attach Listener" daemon [_thread_blocked, id=10812, stack(0x0000008e8b000000,0x0000008e8b100000)]
  0x000001e77d942130 JavaThread "Service Thread" daemon [_thread_blocked, id=12600, stack(0x0000008e8b100000,0x0000008e8b200000)]
  0x000001e77d942c00 JavaThread "Monitor Deflation Thread" daemon [_thread_blocked, id=18504, stack(0x0000008e8b200000,0x0000008e8b300000)]
=>0x000001e77d947860 JavaThread "C2 CompilerThread0" daemon [_thread_in_native, id=21028, stack(0x0000008e8b300000,0x0000008e8b400000)]
  0x000001e77d94b670 JavaThread "C1 CompilerThread0" daemon [_thread_blocked, id=25964, stack(0x0000008e8b400000,0x0000008e8b500000)]
  0x000001e77d94f370 JavaThread "Sweeper thread" daemon [_thread_blocked, id=16636, stack(0x0000008e8b500000,0x0000008e8b600000)]
  0x000001e77da27850 JavaThread "Common-Cleaner" daemon [_thread_blocked, id=2272, stack(0x0000008e8b600000,0x0000008e8b700000)]
  0x000001e77dc3d040 JavaThread "Notification Thread" daemon [_thread_blocked, id=16480, stack(0x0000008e8b800000,0x0000008e8b900000)]
  0x000001e70f1d6510 JavaThread "Active Thread: Equinox Container: 36db2b0e-348b-4c3b-bc6a-934a4fdaf68a" [_thread_blocked, id=12576, stack(0x0000008e8c000000,0x0000008e8c100000)]
  0x000001e70f31e400 JavaThread "Framework Event Dispatcher: Equinox Container: 36db2b0e-348b-4c3b-bc6a-934a4fdaf68a" daemon [_thread_blocked, id=32608, stack(0x0000008e8c100000,0x0000008e8c200000)]
  0x000001e70f31e8e0 JavaThread "Start Level: Equinox Container: 36db2b0e-348b-4c3b-bc6a-934a4fdaf68a" daemon [_thread_blocked, id=32312, stack(0x0000008e8c200000,0x0000008e8c300000)]
  0x000001e70f0ef300 JavaThread "Bundle File Closer" daemon [_thread_blocked, id=24472, stack(0x0000008e8c400000,0x0000008e8c500000)]
  0x000001e70f964020 JavaThread "SCR Component Actor" daemon [_thread_blocked, id=3996, stack(0x0000008e8c600000,0x0000008e8c700000)]
  0x000001e70fb829c0 JavaThread "Worker-JM" [_thread_blocked, id=6572, stack(0x0000008e8b700000,0x0000008e8b800000)]
  0x000001e70fb838f0 JavaThread "JNA Cleaner" daemon [_thread_blocked, id=12240, stack(0x0000008e8c900000,0x0000008e8ca00000)]
  0x000001e70fb824b0 JavaThread "Worker-0" [_thread_blocked, id=22304, stack(0x0000008e8ca00000,0x0000008e8cb00000)]
  0x000001e70fb82ed0 JavaThread "Worker-1" [_thread_blocked, id=18004, stack(0x0000008e8cb00000,0x0000008e8cc00000)]
  0x000001e70fb81580 JavaThread "Java indexing" daemon [_thread_blocked, id=16700, stack(0x0000008e8cd00000,0x0000008e8ce00000)]
  0x000001e70fb833e0 JavaThread "Worker-2" [_thread_blocked, id=18520, stack(0x0000008e8ce00000,0x0000008e8cf00000)]
  0x000001e70fb83e00 JavaThread "Thread-2" daemon [_thread_in_native, id=21136, stack(0x0000008e8cf00000,0x0000008e8d000000)]
  0x000001e70fb84310 JavaThread "Thread-3" daemon [_thread_in_native, id=14992, stack(0x0000008e8d000000,0x0000008e8d100000)]
  0x000001e70fb81a90 JavaThread "Thread-4" daemon [_thread_in_native, id=30348, stack(0x0000008e8d100000,0x0000008e8d200000)]
  0x000001e70fb80b60 JavaThread "Thread-5" daemon [_thread_in_native, id=23428, stack(0x0000008e8d200000,0x0000008e8d300000)]
  0x000001e77f272460 JavaThread "Thread-6" daemon [_thread_in_native, id=4484, stack(0x0000008e8d300000,0x0000008e8d400000)]
  0x000001e77f26f1c0 JavaThread "Thread-7" daemon [_thread_in_native, id=15672, stack(0x0000008e8d400000,0x0000008e8d500000)]
  0x000001e77f26c430 JavaThread "Thread-8" daemon [_thread_in_native, id=6904, stack(0x0000008e8d500000,0x0000008e8d600000)]
  0x000001e77f26bf20 JavaThread "Thread-9" daemon [_thread_in_native, id=31296, stack(0x0000008e8d600000,0x0000008e8d700000)]
  0x000001e77f2700f0 JavaThread "Thread-10" daemon [_thread_in_native, id=19672, stack(0x0000008e8d700000,0x0000008e8d800000)]
  0x000001e77f273390 JavaThread "Thread-11" daemon [_thread_in_native, id=27216, stack(0x0000008e8d800000,0x0000008e8d900000)]
  0x000001e77f26d870 JavaThread "Thread-12" daemon [_thread_in_native, id=29500, stack(0x0000008e8d900000,0x0000008e8da00000)]
  0x000001e77f272e80 JavaThread "Thread-13" daemon [_thread_in_native, id=11480, stack(0x0000008e8da00000,0x0000008e8db00000)]
  0x000001e77f270600 JavaThread "Thread-14" daemon [_thread_in_native, id=31012, stack(0x0000008e8db00000,0x0000008e8dc00000)]
  0x000001e77f271020 JavaThread "pool-2-thread-1" [_thread_blocked, id=24588, stack(0x0000008e8dc00000,0x0000008e8dd00000)]
  0x000001e77f26dd80 JavaThread "WorkspaceEventsHandler" [_thread_blocked, id=2680, stack(0x0000008e8dd00000,0x0000008e8de00000)]
  0x000001e77f26ce50 JavaThread "pool-1-thread-1" [_thread_blocked, id=15032, stack(0x0000008e8de00000,0x0000008e8df00000)]
  0x000001e77f26e290 JavaThread "Worker-3" [_thread_blocked, id=32272, stack(0x0000008e8df00000,0x0000008e8e000000)]
  0x000001e77f270b10 JavaThread "ForkJoinPool.commonPool-worker-1" daemon [_thread_blocked, id=30760, stack(0x0000008e8c700000,0x0000008e8c800000)]
  0x000001e77f26e7a0 JavaThread "ForkJoinPool.commonPool-worker-2" daemon [_thread_blocked, id=23708, stack(0x0000008e8cc00000,0x0000008e8cd00000)]
  0x000001e77f271530 JavaThread "ForkJoinPool.commonPool-worker-3" daemon [_thread_blocked, id=22284, stack(0x0000008e8e000000,0x0000008e8e100000)]
  0x000001e77f2738a0 JavaThread "ForkJoinPool.commonPool-worker-4" daemon [_thread_blocked, id=13556, stack(0x0000008e8e100000,0x0000008e8e200000)]
  0x000001e77f26f6d0 JavaThread "ForkJoinPool.commonPool-worker-5" daemon [_thread_blocked, id=22096, stack(0x0000008e8e200000,0x0000008e8e300000)]
  0x000001e77f26ecb0 JavaThread "ForkJoinPool.commonPool-worker-6" daemon [_thread_blocked, id=15048, stack(0x0000008e8e300000,0x0000008e8e400000)]
  0x000001e77f271a40 JavaThread "ForkJoinPool.commonPool-worker-7" daemon [_thread_blocked, id=24092, stack(0x0000008e8e500000,0x0000008e8e600000)]
  0x000001e77f272970 JavaThread "ForkJoinPool.commonPool-worker-8" daemon [_thread_blocked, id=25748, stack(0x0000008e8e600000,0x0000008e8e700000)]
  0x000001e77f271f50 JavaThread "ForkJoinPool.commonPool-worker-9" daemon [_thread_blocked, id=27440, stack(0x0000008e8e700000,0x0000008e8e800000)]
  0x000001e77f26d360 JavaThread "Worker-4" [_thread_blocked, id=14284, stack(0x0000008e8e800000,0x0000008e8e900000)]
  0x000001e710620bb0 JavaThread "ForkJoinPool.commonPool-worker-10" daemon [_thread_blocked, id=29128, stack(0x0000008e8e900000,0x0000008e8ea00000)]
  0x000001e71061e840 JavaThread "ForkJoinPool.commonPool-worker-11" daemon [_thread_blocked, id=28496, stack(0x0000008e8ef00000,0x0000008e8f000000)]
  0x000001e71061e330 JavaThread "Cleaner-0" daemon [_thread_blocked, id=18744, stack(0x0000008e8e400000,0x0000008e8e500000)]

Other Threads:
  0x000001e77d914a60 VMThread "VM Thread" [stack: 0x0000008e8ac00000,0x0000008e8ad00000] [id=28312]
  0x000001e77dc8e7d0 WatcherThread [stack: 0x0000008e8b900000,0x0000008e8ba00000] [id=13664]
  0x000001e773942e50 GCTaskThread "GC Thread#0" [stack: 0x0000008e8ab00000,0x0000008e8ac00000] [id=12188]
  0x000001e77f665a70 GCTaskThread "GC Thread#1" [stack: 0x0000008e8ba00000,0x0000008e8bb00000] [id=20980]
  0x000001e77f665d30 GCTaskThread "GC Thread#2" [stack: 0x0000008e8bb00000,0x0000008e8bc00000] [id=24592]
  0x000001e77f439150 GCTaskThread "GC Thread#3" [stack: 0x0000008e8bc00000,0x0000008e8bd00000] [id=30872]
  0x000001e77f439410 GCTaskThread "GC Thread#4" [stack: 0x0000008e8bd00000,0x0000008e8be00000] [id=7592]
  0x000001e77f4396d0 GCTaskThread "GC Thread#5" [stack: 0x0000008e8be00000,0x0000008e8bf00000] [id=13872]
  0x000001e77f439d90 GCTaskThread "GC Thread#6" [stack: 0x0000008e8bf00000,0x0000008e8c000000] [id=16060]
  0x000001e77f668180 GCTaskThread "GC Thread#7" [stack: 0x0000008e8c300000,0x0000008e8c400000] [id=30544]
  0x000001e77f8aff30 GCTaskThread "GC Thread#8" [stack: 0x0000008e8c500000,0x0000008e8c600000] [id=30192]
  0x000001e70fb651e0 GCTaskThread "GC Thread#9" [stack: 0x0000008e8c800000,0x0000008e8c900000] [id=24136]

Threads with active compile tasks:
C2 CompilerThread0    37556 14813       4       org.eclipse.jdt.internal.compiler.lookup.ModuleBinding::getVisiblePackage (472 bytes)

VM state: not at safepoint (normal execution)

VM Mutex/Monitor currently owned by a thread: None

Heap address: 0x00000000c0000000, size: 1024 MB, Compressed Oops mode: 32-bit

CDS archive(s) not mapped
Compressed class space mapped at: 0x0000000100000000-0x0000000140000000, reserved size: 1073741824
Narrow klass base: 0x0000000000000000, Narrow klass shift: 3, Narrow klass range: 0x140000000

GC Precious Log:
 CPUs: 12 total, 12 available
 Memory: 7930M
 Large Page Support: Disabled
 NUMA Support: Disabled
 Compressed Oops: Enabled (32-bit)
 Alignments: Space 512K, Generation 512K, Heap 2M
 Heap Min Capacity: 100M
 Heap Initial Capacity: 100M
 Heap Max Capacity: 1G
 Pre-touch: Disabled
 Parallel Workers: 10

Heap:
 PSYoungGen      total 6656K, used 3094K [0x00000000eab00000, 0x00000000eb880000, 0x0000000100000000)
  eden space 4608K, 67% used [0x00000000eab00000,0x00000000eae05a08,0x00000000eaf80000)
  from space 2048K, 0% used [0x00000000eaf80000,0x00000000eaf80000,0x00000000eb180000)
  to   space 4608K, 0% used [0x00000000eb400000,0x00000000eb400000,0x00000000eb880000)
 ParOldGen       total 94720K, used 69558K [0x00000000c0000000, 0x00000000c5c80000, 0x00000000eab00000)
  object space 94720K, 73% used [0x00000000c0000000,0x00000000c43edb88,0x00000000c5c80000)
 Metaspace       used 79578K, committed 80960K, reserved 1179648K
  class space    used 8183K, committed 8768K, reserved 1048576K

Card table byte_map: [0x000001e7732f0000,0x000001e773500000] _byte_map_base: 0x000001e772cf0000

Marking Bits: (ParMarkBitMap*) 0x00007ffe0b43d820
 Begin Bits: [0x000001e7765c0000, 0x000001e7775c0000)
 End Bits:   [0x000001e7775c0000, 0x000001e7785c0000)

Polling page: 0x000001e7730e0000

Metaspace:

Usage:
  Non-class:     69.72 MB used.
      Class:      7.99 MB used.
       Both:     77.71 MB used.

Virtual space:
  Non-class space:      128.00 MB reserved,      70.50 MB ( 55%) committed,  2 nodes.
      Class space:        1.00 GB reserved,       8.56 MB ( <1%) committed,  1 nodes.
             Both:        1.12 GB reserved,      79.06 MB (  7%) committed. 

Chunk freelists:
   Non-Class:  9.33 MB
       Class:  7.44 MB
        Both:  16.77 MB

MaxMetaspaceSize: unlimited
CompressedClassSpaceSize: 1.00 GB
Initial GC threshold: 21.00 MB
Current GC threshold: 131.81 MB
CDS: off
MetaspaceReclaimPolicy: balanced
 - commit_granule_bytes: 65536.
 - commit_granule_words: 8192.
 - virtual_space_node_default_size: 8388608.
 - enlarge_chunks_in_place: 1.
 - new_chunks_are_fully_committed: 0.
 - uncommit_free_chunks: 1.
 - use_allocation_guard: 0.
 - handle_deallocations: 1.


Internal statistics:

num_allocs_failed_limit: 9.
num_arena_births: 1018.
num_arena_deaths: 34.
num_vsnodes_births: 3.
num_vsnodes_deaths: 0.
num_space_committed: 1265.
num_space_uncommitted: 0.
num_chunks_returned_to_freelist: 51.
num_chunks_taken_from_freelist: 4539.
num_chunk_merges: 14.
num_chunk_splits: 2743.
num_chunks_enlarged: 1503.
num_inconsistent_stats: 0.

CodeHeap 'non-profiled nmethods': size=120000Kb used=7349Kb max_used=7349Kb free=112650Kb
 bounds [0x000001e707ad0000, 0x000001e708200000, 0x000001e70f000000]
CodeHeap 'profiled nmethods': size=120000Kb used=24287Kb max_used=26389Kb free=95712Kb
 bounds [0x000001e700000000, 0x000001e7019d0000, 0x000001e707530000]
CodeHeap 'non-nmethods': size=5760Kb used=1413Kb max_used=1522Kb free=4346Kb
 bounds [0x000001e707530000, 0x000001e7077a0000, 0x000001e707ad0000]
 total_blobs=12528 nmethods=11769 adapters=669
 compilation: enabled
              stopped_count=0, restarted_count=0
 full_count=0

Compilation events (20 events):
Event: 37.378 Thread 0x000001e77d94b670 14810       3       java.util.stream.FindOps$FindSink$OfRef$$Lambda$13/0x000000010003f808::get (8 bytes)
Event: 37.378 Thread 0x000001e77d94b670 nmethod 14810 0x000001e7011c6910 code [0x000001e7011c6ac0, 0x000001e7011c6d38]
Event: 37.378 Thread 0x000001e77d94b670 14811       3       org.eclipse.jdt.ls.core.internal.text.correction.CodeActionUtility$$Lambda$743/0x0000000100834c80::test (16 bytes)
Event: 37.378 Thread 0x000001e77d94b670 nmethod 14811 0x000001e7014eb290 code [0x000001e7014eb440, 0x000001e7014eb688]
Event: 37.379 Thread 0x000001e77d94b670 14816       3       org.eclipse.jdt.core.dom.BooleanLiteral::accept0 (12 bytes)
Event: 37.379 Thread 0x000001e77d94b670 nmethod 14816 0x000001e7011ccd90 code [0x000001e7011ccf40, 0x000001e7011cd1d8]
Event: 37.381 Thread 0x000001e77d947860 nmethod 14774 0x000001e7081fac90 code [0x000001e7081faec0, 0x000001e7081fb940]
Event: 37.381 Thread 0x000001e77d947860 14812       4       org.eclipse.jdt.internal.compiler.lookup.ModuleBinding$UnNamedModule::canAccess (77 bytes)
Event: 37.389 Thread 0x000001e77d947860 nmethod 14812 0x000001e7081fc390 code [0x000001e7081fc5a0, 0x000001e7081fce78]
Event: 37.389 Thread 0x000001e77d947860 14813       4       org.eclipse.jdt.internal.compiler.lookup.ModuleBinding::getVisiblePackage (472 bytes)
Event: 37.459 Thread 0x000001e77d94b670 14817       3       org.eclipse.core.internal.resources.Resource::getRawLocationURI (30 bytes)
Event: 37.460 Thread 0x000001e77d94b670 nmethod 14817 0x000001e700e63f10 code [0x000001e700e64200, 0x000001e700e65888]
Event: 37.460 Thread 0x000001e77d94b670 14820       3       org.eclipse.jdt.internal.core.manipulation.JavaElementLabelComposerCore::getFlag (12 bytes)
Event: 37.460 Thread 0x000001e77d94b670 nmethod 14820 0x000001e700e0ad90 code [0x000001e700e0af20, 0x000001e700e0b078]
Event: 37.460 Thread 0x000001e77d94b670 14822       3       org.eclipse.lsp4j.jsonrpc.util.Preconditions::checkNotNull (26 bytes)
Event: 37.460 Thread 0x000001e77d94b670 nmethod 14822 0x000001e70129ae10 code [0x000001e70129afc0, 0x000001e70129b258]
Event: 37.460 Thread 0x000001e77d94b670 14819       3       org.eclipse.jdt.internal.core.SourceMethod::isConstructor (32 bytes)
Event: 37.461 Thread 0x000001e77d94b670 nmethod 14819 0x000001e7010aca90 code [0x000001e7010acca0, 0x000001e7010ad418]
Event: 37.461 Thread 0x000001e77d94b670 14818       3       org.eclipse.jdt.core.Flags::isVarargs (12 bytes)
Event: 37.461 Thread 0x000001e77d94b670 nmethod 14818 0x000001e700e0f990 code [0x000001e700e0fb20, 0x000001e700e0fc78]

GC Heap History (20 events):
Event: 37.120 GC heap before
{Heap before GC invocations=313 (full 11):
 PSYoungGen      total 4096K, used 3455K [0x00000000eab00000, 0x00000000eb080000, 0x0000000100000000)
  eden space 3072K, 99% used [0x00000000eab00000,0x00000000eadffff8,0x00000000eae00000)
  from space 1024K, 37% used [0x00000000eae80000,0x00000000eaee0000,0x00000000eaf80000)
  to   space 1024K, 0% used [0x00000000eaf80000,0x00000000eaf80000,0x00000000eb080000)
 ParOldGen       total 100864K, used 92238K [0x00000000c0000000, 0x00000000c6280000, 0x00000000eab00000)
  object space 100864K, 91% used [0x00000000c0000000,0x00000000c5a13900,0x00000000c6280000)
 Metaspace       used 79568K, committed 80960K, reserved 1179648K
  class space    used 8183K, committed 8768K, reserved 1048576K
}
Event: 37.121 GC heap after
{Heap after GC invocations=313 (full 11):
 PSYoungGen      total 4096K, used 816K [0x00000000eab00000, 0x00000000eb080000, 0x0000000100000000)
  eden space 3072K, 0% used [0x00000000eab00000,0x00000000eab00000,0x00000000eae00000)
  from space 1024K, 79% used [0x00000000eaf80000,0x00000000eb04c2f0,0x00000000eb080000)
  to   space 1024K, 0% used [0x00000000eae80000,0x00000000eae80000,0x00000000eaf80000)
 ParOldGen       total 100864K, used 92486K [0x00000000c0000000, 0x00000000c6280000, 0x00000000eab00000)
  object space 100864K, 91% used [0x00000000c0000000,0x00000000c5a51900,0x00000000c6280000)
 Metaspace       used 79568K, committed 80960K, reserved 1179648K
  class space    used 8183K, committed 8768K, reserved 1048576K
}
Event: 37.125 GC heap before
{Heap before GC invocations=314 (full 11):
 PSYoungGen      total 4096K, used 3888K [0x00000000eab00000, 0x00000000eb080000, 0x0000000100000000)
  eden space 3072K, 99% used [0x00000000eab00000,0x00000000eadffff8,0x00000000eae00000)
  from space 1024K, 79% used [0x00000000eaf80000,0x00000000eb04c2f0,0x00000000eb080000)
  to   space 1024K, 0% used [0x00000000eae80000,0x00000000eae80000,0x00000000eaf80000)
 ParOldGen       total 100864K, used 92486K [0x00000000c0000000, 0x00000000c6280000, 0x00000000eab00000)
  object space 100864K, 91% used [0x00000000c0000000,0x00000000c5a51900,0x00000000c6280000)
 Metaspace       used 79568K, committed 80960K, reserved 1179648K
  class space    used 8183K, committed 8768K, reserved 1048576K
}
Event: 37.126 GC heap after
{Heap after GC invocations=314 (full 11):
 PSYoungGen      total 4096K, used 1024K [0x00000000eab00000, 0x00000000eb300000, 0x0000000100000000)
  eden space 3072K, 0% used [0x00000000eab00000,0x00000000eab00000,0x00000000eae00000)
  from space 1024K, 100% used [0x00000000eae80000,0x00000000eaf80000,0x00000000eaf80000)
  to   space 2560K, 0% used [0x00000000eb080000,0x00000000eb080000,0x00000000eb300000)
 ParOldGen       total 100864K, used 93531K [0x00000000c0000000, 0x00000000c6280000, 0x00000000eab00000)
  object space 100864K, 92% used [0x00000000c0000000,0x00000000c5b56e50,0x00000000c6280000)
 Metaspace       used 79568K, committed 80960K, reserved 1179648K
  class space    used 8183K, committed 8768K, reserved 1048576K
}
Event: 37.130 GC heap before
{Heap before GC invocations=315 (full 11):
 PSYoungGen      total 4096K, used 4096K [0x00000000eab00000, 0x00000000eb300000, 0x0000000100000000)
  eden space 3072K, 100% used [0x00000000eab00000,0x00000000eae00000,0x00000000eae00000)
  from space 1024K, 100% used [0x00000000eae80000,0x00000000eaf80000,0x00000000eaf80000)
  to   space 2560K, 0% used [0x00000000eb080000,0x00000000eb080000,0x00000000eb300000)
 ParOldGen       total 100864K, used 93531K [0x00000000c0000000, 0x00000000c6280000, 0x00000000eab00000)
  object space 100864K, 92% used [0x00000000c0000000,0x00000000c5b56e50,0x00000000c6280000)
 Metaspace       used 79568K, committed 80960K, reserved 1179648K
  class space    used 8183K, committed 8768K, reserved 1048576K
}
Event: 37.133 GC heap after
{Heap after GC invocations=315 (full 11):
 PSYoungGen      total 6144K, used 1632K [0x00000000eab00000, 0x00000000eb300000, 0x0000000100000000)
  eden space 3584K, 0% used [0x00000000eab00000,0x00000000eab00000,0x00000000eae80000)
  from space 2560K, 63% used [0x00000000eb080000,0x00000000eb218000,0x00000000eb300000)
  to   space 2048K, 0% used [0x00000000eae80000,0x00000000eae80000,0x00000000eb080000)
 ParOldGen       total 100864K, used 94483K [0x00000000c0000000, 0x00000000c6280000, 0x00000000eab00000)
  object space 100864K, 93% used [0x00000000c0000000,0x00000000c5c44e50,0x00000000c6280000)
 Metaspace       used 79568K, committed 80960K, reserved 1179648K
  class space    used 8183K, committed 8768K, reserved 1048576K
}
Event: 37.138 GC heap before
{Heap before GC invocations=316 (full 11):
 PSYoungGen      total 6144K, used 5216K [0x00000000eab00000, 0x00000000eb300000, 0x0000000100000000)
  eden space 3584K, 100% used [0x00000000eab00000,0x00000000eae80000,0x00000000eae80000)
  from space 2560K, 63% used [0x00000000eb080000,0x00000000eb218000,0x00000000eb300000)
  to   space 2048K, 0% used [0x00000000eae80000,0x00000000eae80000,0x00000000eb080000)
 ParOldGen       total 100864K, used 94483K [0x00000000c0000000, 0x00000000c6280000, 0x00000000eab00000)
  object space 100864K, 93% used [0x00000000c0000000,0x00000000c5c44e50,0x00000000c6280000)
 Metaspace       used 79568K, committed 80960K, reserved 1179648K
  class space    used 8183K, committed 8768K, reserved 1048576K
}
Event: 37.143 GC heap after
{Heap after GC invocations=316 (full 11):
 PSYoungGen      total 5632K, used 1792K [0x00000000eab00000, 0x00000000eb380000, 0x0000000100000000)
  eden space 3584K, 0% used [0x00000000eab00000,0x00000000eab00000,0x00000000eae80000)
  from space 2048K, 87% used [0x00000000eae80000,0x00000000eb040000,0x00000000eb080000)
  to   space 2048K, 0% used [0x00000000eb180000,0x00000000eb180000,0x00000000eb380000)
 ParOldGen       total 100864K, used 95891K [0x00000000c0000000, 0x00000000c6280000, 0x00000000eab00000)
  object space 100864K, 95% used [0x00000000c0000000,0x00000000c5da4e50,0x00000000c6280000)
 Metaspace       used 79568K, committed 80960K, reserved 1179648K
  class space    used 8183K, committed 8768K, reserved 1048576K
}
Event: 37.150 GC heap before
{Heap before GC invocations=317 (full 11):
 PSYoungGen      total 5632K, used 5376K [0x00000000eab00000, 0x00000000eb380000, 0x0000000100000000)
  eden space 3584K, 100% used [0x00000000eab00000,0x00000000eae80000,0x00000000eae80000)
  from space 2048K, 87% used [0x00000000eae80000,0x00000000eb040000,0x00000000eb080000)
  to   space 2048K, 0% used [0x00000000eb180000,0x00000000eb180000,0x00000000eb380000)
 ParOldGen       total 100864K, used 95891K [0x00000000c0000000, 0x00000000c6280000, 0x00000000eab00000)
  object space 100864K, 95% used [0x00000000c0000000,0x00000000c5da4e50,0x00000000c6280000)
 Metaspace       used 79568K, committed 80960K, reserved 1179648K
  class space    used 8183K, committed 8768K, reserved 1048576K
}
Event: 37.154 GC heap after
{Heap after GC invocations=317 (full 11):
 PSYoungGen      total 5632K, used 864K [0x00000000eab00000, 0x00000000eb280000, 0x0000000100000000)
  eden space 4608K, 0% used [0x00000000eab00000,0x00000000eab00000,0x00000000eaf80000)
  from space 1024K, 84% used [0x00000000eb180000,0x00000000eb258000,0x00000000eb280000)
  to   space 1536K, 0% used [0x00000000eaf80000,0x00000000eaf80000,0x00000000eb100000)
 ParOldGen       total 100864K, used 97419K [0x00000000c0000000, 0x00000000c6280000, 0x00000000eab00000)
  object space 100864K, 96% used [0x00000000c0000000,0x00000000c5f22e50,0x00000000c6280000)
 Metaspace       used 79568K, committed 80960K, reserved 1179648K
  class space    used 8183K, committed 8768K, reserved 1048576K
}
Event: 37.161 GC heap before
{Heap before GC invocations=318 (full 11):
 PSYoungGen      total 5632K, used 5471K [0x00000000eab00000, 0x00000000eb280000, 0x0000000100000000)
  eden space 4608K, 99% used [0x00000000eab00000,0x00000000eaf7fff8,0x00000000eaf80000)
  from space 1024K, 84% used [0x00000000eb180000,0x00000000eb258000,0x00000000eb280000)
  to   space 1536K, 0% used [0x00000000eaf80000,0x00000000eaf80000,0x00000000eb100000)
 ParOldGen       total 100864K, used 97419K [0x00000000c0000000, 0x00000000c6280000, 0x00000000eab00000)
  object space 100864K, 96% used [0x00000000c0000000,0x00000000c5f22e50,0x00000000c6280000)
 Metaspace       used 79568K, committed 80960K, reserved 1179648K
  class space    used 8183K, committed 8768K, reserved 1048576K
}
Event: 37.162 GC heap after
{Heap after GC invocations=318 (full 11):
 PSYoungGen      total 6144K, used 896K [0x00000000eab00000, 0x00000000eb280000, 0x0000000100000000)
  eden space 4608K, 0% used [0x00000000eab00000,0x00000000eab00000,0x00000000eaf80000)
  from space 1536K, 58% used [0x00000000eaf80000,0x00000000eb060000,0x00000000eb100000)
  to   space 1024K, 0% used [0x00000000eb180000,0x00000000eb180000,0x00000000eb280000)
 ParOldGen       total 100864K, used 97985K [0x00000000c0000000, 0x00000000c6280000, 0x00000000eab00000)
  object space 100864K, 97% used [0x00000000c0000000,0x00000000c5fb0510,0x00000000c6280000)
 Metaspace       used 79568K, committed 80960K, reserved 1179648K
  class space    used 8183K, committed 8768K, reserved 1048576K
}
Event: 37.175 GC heap before
{Heap before GC invocations=319 (full 11):
 PSYoungGen      total 6144K, used 5504K [0x00000000eab00000, 0x00000000eb280000, 0x0000000100000000)
  eden space 4608K, 100% used [0x00000000eab00000,0x00000000eaf80000,0x00000000eaf80000)
  from space 1536K, 58% used [0x00000000eaf80000,0x00000000eb060000,0x00000000eb100000)
  to   space 1024K, 0% used [0x00000000eb180000,0x00000000eb180000,0x00000000eb280000)
 ParOldGen       total 100864K, used 97985K [0x00000000c0000000, 0x00000000c6280000, 0x00000000eab00000)
  object space 100864K, 97% used [0x00000000c0000000,0x00000000c5fb0510,0x00000000c6280000)
 Metaspace       used 79568K, committed 80960K, reserved 1179648K
  class space    used 8183K, committed 8768K, reserved 1048576K
}
Event: 37.177 GC heap after
{Heap after GC invocations=319 (full 11):
 PSYoungGen      total 5632K, used 1024K [0x00000000eab00000, 0x00000000eb480000, 0x0000000100000000)
  eden space 4608K, 0% used [0x00000000eab00000,0x00000000eab00000,0x00000000eaf80000)
  from space 1024K, 100% used [0x00000000eb180000,0x00000000eb280000,0x00000000eb280000)
  to   space 2048K, 0% used [0x00000000eaf80000,0x00000000eaf80000,0x00000000eb180000)
 ParOldGen       total 100864K, used 98601K [0x00000000c0000000, 0x00000000c6280000, 0x00000000eab00000)
  object space 100864K, 97% used [0x00000000c0000000,0x00000000c604a510,0x00000000c6280000)
 Metaspace       used 79568K, committed 80960K, reserved 1179648K
  class space    used 8183K, committed 8768K, reserved 1048576K
}
Event: 37.203 GC heap before
{Heap before GC invocations=320 (full 11):
 PSYoungGen      total 5632K, used 5632K [0x00000000eab00000, 0x00000000eb480000, 0x0000000100000000)
  eden space 4608K, 100% used [0x00000000eab00000,0x00000000eaf80000,0x00000000eaf80000)
  from space 1024K, 100% used [0x00000000eb180000,0x00000000eb280000,0x00000000eb280000)
  to   space 2048K, 0% used [0x00000000eaf80000,0x00000000eaf80000,0x00000000eb180000)
 ParOldGen       total 100864K, used 98601K [0x00000000c0000000, 0x00000000c6280000, 0x00000000eab00000)
  object space 100864K, 97% used [0x00000000c0000000,0x00000000c604a510,0x00000000c6280000)
 Metaspace       used 79568K, committed 80960K, reserved 1179648K
  class space    used 8183K, committed 8768K, reserved 1048576K
}
Event: 37.204 GC heap after
{Heap after GC invocations=320 (full 11):
 PSYoungGen      total 6656K, used 1536K [0x00000000eab00000, 0x00000000eb380000, 0x0000000100000000)
  eden space 4608K, 0% used [0x00000000eab00000,0x00000000eab00000,0x00000000eaf80000)
  from space 2048K, 75% used [0x00000000eaf80000,0x00000000eb100000,0x00000000eb180000)
  to   space 2048K, 0% used [0x00000000eb180000,0x00000000eb180000,0x00000000eb380000)
 ParOldGen       total 100864K, used 99609K [0x00000000c0000000, 0x00000000c6280000, 0x00000000eab00000)
  object space 100864K, 98% used [0x00000000c0000000,0x00000000c6146510,0x00000000c6280000)
 Metaspace       used 79568K, committed 80960K, reserved 1179648K
  class space    used 8183K, committed 8768K, reserved 1048576K
}
Event: 37.224 GC heap before
{Heap before GC invocations=321 (full 11):
 PSYoungGen      total 6656K, used 6144K [0x00000000eab00000, 0x00000000eb380000, 0x0000000100000000)
  eden space 4608K, 100% used [0x00000000eab00000,0x00000000eaf80000,0x00000000eaf80000)
  from space 2048K, 75% used [0x00000000eaf80000,0x00000000eb100000,0x00000000eb180000)
  to   space 2048K, 0% used [0x00000000eb180000,0x00000000eb180000,0x00000000eb380000)
 ParOldGen       total 100864K, used 99609K [0x00000000c0000000, 0x00000000c6280000, 0x00000000eab00000)
  object space 100864K, 98% used [0x00000000c0000000,0x00000000c6146510,0x00000000c6280000)
 Metaspace       used 79568K, committed 80960K, reserved 1179648K
  class space    used 8183K, committed 8768K, reserved 1048576K
}
Event: 37.227 GC heap after
{Heap after GC invocations=321 (full 11):
 PSYoungGen      total 6656K, used 2032K [0x00000000eab00000, 0x00000000eb380000, 0x0000000100000000)
  eden space 4608K, 0% used [0x00000000eab00000,0x00000000eab00000,0x00000000eaf80000)
  from space 2048K, 99% used [0x00000000eb180000,0x00000000eb37c2f0,0x00000000eb380000)
  to   space 2048K, 0% used [0x00000000eaf80000,0x00000000eaf80000,0x00000000eb180000)
 ParOldGen       total 101888K, used 101605K [0x00000000c0000000, 0x00000000c6380000, 0x00000000eab00000)
  object space 101888K, 99% used [0x00000000c0000000,0x00000000c6339418,0x00000000c6380000)
 Metaspace       used 79568K, committed 80960K, reserved 1179648K
  class space    used 8183K, committed 8768K, reserved 1048576K
}
Event: 37.227 GC heap before
{Heap before GC invocations=322 (full 12):
 PSYoungGen      total 6656K, used 2032K [0x00000000eab00000, 0x00000000eb380000, 0x0000000100000000)
  eden space 4608K, 0% used [0x00000000eab00000,0x00000000eab00000,0x00000000eaf80000)
  from space 2048K, 99% used [0x00000000eb180000,0x00000000eb37c2f0,0x00000000eb380000)
  to   space 2048K, 0% used [0x00000000eaf80000,0x00000000eaf80000,0x00000000eb180000)
 ParOldGen       total 101888K, used 101605K [0x00000000c0000000, 0x00000000c6380000, 0x00000000eab00000)
  object space 101888K, 99% used [0x00000000c0000000,0x00000000c6339418,0x00000000c6380000)
 Metaspace       used 79568K, committed 80960K, reserved 1179648K
  class space    used 8183K, committed 8768K, reserved 1048576K
}
Event: 37.280 GC heap after
{Heap after GC invocations=322 (full 12):
 PSYoungGen      total 6656K, used 0K [0x00000000eab00000, 0x00000000eb880000, 0x0000000100000000)
  eden space 4608K, 0% used [0x00000000eab00000,0x00000000eab00000,0x00000000eaf80000)
  from space 2048K, 0% used [0x00000000eaf80000,0x00000000eaf80000,0x00000000eb180000)
  to   space 4608K, 0% used [0x00000000eb400000,0x00000000eb400000,0x00000000eb880000)
 ParOldGen       total 94720K, used 69558K [0x00000000c0000000, 0x00000000c5c80000, 0x00000000eab00000)
  object space 94720K, 73% used [0x00000000c0000000,0x00000000c43edb88,0x00000000c5c80000)
 Metaspace       used 79568K, committed 80960K, reserved 1179648K
  class space    used 8183K, committed 8768K, reserved 1048576K
}

Dll operation events (10 events):
Event: 0.008 Loaded shared library c:\Users\Bunty\.vscode\extensions\redhat.java-1.33.0-win32-x64\jre\17.0.11-win32-x86_64\bin\java.dll
Event: 0.120 Loaded shared library c:\Users\Bunty\.vscode\extensions\redhat.java-1.33.0-win32-x64\jre\17.0.11-win32-x86_64\bin\zip.dll
Event: 0.122 Loaded shared library C:\Users\Bunty\.vscode\extensions\redhat.java-1.33.0-win32-x64\jre\17.0.11-win32-x86_64\bin\instrument.dll
Event: 0.135 Loaded shared library C:\Users\Bunty\.vscode\extensions\redhat.java-1.33.0-win32-x64\jre\17.0.11-win32-x86_64\bin\net.dll
Event: 0.137 Loaded shared library C:\Users\Bunty\.vscode\extensions\redhat.java-1.33.0-win32-x64\jre\17.0.11-win32-x86_64\bin\nio.dll
Event: 0.143 Loaded shared library C:\Users\Bunty\.vscode\extensions\redhat.java-1.33.0-win32-x64\jre\17.0.11-win32-x86_64\bin\zip.dll
Event: 0.157 Loaded shared library C:\Users\Bunty\.vscode\extensions\redhat.java-1.33.0-win32-x64\jre\17.0.11-win32-x86_64\bin\jimage.dll
Event: 0.205 Loaded shared library c:\Users\Bunty\.vscode\extensions\redhat.java-1.33.0-win32-x64\jre\17.0.11-win32-x86_64\bin\verify.dll
Event: 1.072 Loaded shared library C:\Users\Bunty\AppData\Roaming\Code\User\globalStorage\redhat.java\1.33.0\config_win\org.eclipse.equinox.launcher\org.eclipse.equinox.launcher.win32.win32.x86_64_1.2.1100.v20240722-2106\eclipse_11904.dll
Event: 2.473 Loaded shared library C:\Users\Bunty\AppData\Local\Temp\jna-64547360\jna7042632843965614413.dll

Deoptimization events (20 events):
Event: 37.090 Thread 0x000001e77f26e7a0 Uncommon trap: trap_request=0xffffffbe fr.pc=0x000001e707f6ff98 relative=0x0000000000000178
Event: 37.090 Thread 0x000001e77f26e7a0 Uncommon trap: reason=profile_predicate action=maybe_recompile pc=0x000001e707f6ff98 method=java.util.HashMap.keysToArray([Ljava/lang/Object;)[Ljava/lang/Object; @ 36 c2
Event: 37.090 Thread 0x000001e77f26e7a0 DEOPT PACKING pc=0x000001e707f6ff98 sp=0x0000008e8ccfdeb0
Event: 37.090 Thread 0x000001e77f26e7a0 DEOPT UNPACKING pc=0x000001e707589ea3 sp=0x0000008e8ccfde30 mode 2
Event: 37.090 Thread 0x000001e77f26e7a0 Uncommon trap: trap_request=0xffffffbe fr.pc=0x000001e707f6ff98 relative=0x0000000000000178
Event: 37.090 Thread 0x000001e77f26e7a0 Uncommon trap: reason=profile_predicate action=maybe_recompile pc=0x000001e707f6ff98 method=java.util.HashMap.keysToArray([Ljava/lang/Object;)[Ljava/lang/Object; @ 36 c2
Event: 37.090 Thread 0x000001e77f26e7a0 DEOPT PACKING pc=0x000001e707f6ff98 sp=0x0000008e8ccfdeb0
Event: 37.090 Thread 0x000001e77f26e7a0 DEOPT UNPACKING pc=0x000001e707589ea3 sp=0x0000008e8ccfde30 mode 2
Event: 37.113 Thread 0x000001e77f26e7a0 Uncommon trap: trap_request=0xffffff76 fr.pc=0x000001e7081d5c9c relative=0x0000000000001bfc
Event: 37.113 Thread 0x000001e77f26e7a0 Uncommon trap: reason=predicate action=maybe_recompile pc=0x000001e7081d5c9c method=java.util.TimSort.reverseRange([Ljava/lang/Object;II)V @ 5 c2
Event: 37.113 Thread 0x000001e77f26e7a0 DEOPT PACKING pc=0x000001e7081d5c9c sp=0x0000008e8ccfdd10
Event: 37.113 Thread 0x000001e77f26e7a0 DEOPT UNPACKING pc=0x000001e707589ea3 sp=0x0000008e8ccfdb88 mode 2
Event: 37.115 Thread 0x000001e77f26e7a0 Uncommon trap: trap_request=0xffffffde fr.pc=0x000001e7081bad00 relative=0x0000000000002c20
Event: 37.115 Thread 0x000001e77f26e7a0 Uncommon trap: reason=class_check action=maybe_recompile pc=0x000001e7081bad00 method=org.eclipse.jdt.internal.compiler.parser.Parser.consumeToken(I)V @ 1320 c2
Event: 37.115 Thread 0x000001e77f26e7a0 DEOPT PACKING pc=0x000001e7081bad00 sp=0x0000008e8ccfe3e0
Event: 37.115 Thread 0x000001e77f26e7a0 DEOPT UNPACKING pc=0x000001e707589ea3 sp=0x0000008e8ccfe3b0 mode 2
Event: 37.115 Thread 0x000001e77f26e7a0 Uncommon trap: trap_request=0xffffffde fr.pc=0x000001e7081bad00 relative=0x0000000000002c20
Event: 37.115 Thread 0x000001e77f26e7a0 Uncommon trap: reason=class_check action=maybe_recompile pc=0x000001e7081bad00 method=org.eclipse.jdt.internal.compiler.parser.Parser.consumeToken(I)V @ 1320 c2
Event: 37.115 Thread 0x000001e77f26e7a0 DEOPT PACKING pc=0x000001e7081bad00 sp=0x0000008e8ccfe3e0
Event: 37.115 Thread 0x000001e77f26e7a0 DEOPT UNPACKING pc=0x000001e707589ea3 sp=0x0000008e8ccfe3b0 mode 2

Classes unloaded (17 events):
Event: 4.588 Thread 0x000001e77d914a60 Unloading class 0x0000000100254400 'java/lang/invoke/LambdaForm$MH+0x0000000100254400'
Event: 4.588 Thread 0x000001e77d914a60 Unloading class 0x0000000100254000 'java/lang/invoke/LambdaForm$MH+0x0000000100254000'
Event: 4.588 Thread 0x000001e77d914a60 Unloading class 0x0000000100253c00 'java/lang/invoke/LambdaForm$MH+0x0000000100253c00'
Event: 4.588 Thread 0x000001e77d914a60 Unloading class 0x0000000100253800 'java/lang/invoke/LambdaForm$MH+0x0000000100253800'
Event: 4.588 Thread 0x000001e77d914a60 Unloading class 0x0000000100253400 'java/lang/invoke/LambdaForm$BMH+0x0000000100253400'
Event: 4.588 Thread 0x000001e77d914a60 Unloading class 0x0000000100253000 'java/lang/invoke/LambdaForm$DMH+0x0000000100253000'
Event: 4.588 Thread 0x000001e77d914a60 Unloading class 0x0000000100250400 'java/lang/invoke/LambdaForm$DMH+0x0000000100250400'
Event: 14.498 Thread 0x000001e77d914a60 Unloading class 0x0000000100619400 'jdk/internal/reflect/GeneratedSerializationConstructorAccessor30'
Event: 14.498 Thread 0x000001e77d914a60 Unloading class 0x0000000100618c00 'jdk/internal/reflect/GeneratedSerializationConstructorAccessor27'
Event: 14.498 Thread 0x000001e77d914a60 Unloading class 0x0000000100618400 'jdk/internal/reflect/GeneratedSerializationConstructorAccessor25'
Event: 19.159 Thread 0x000001e77d914a60 Unloading class 0x000000010074d000 'java/lang/invoke/LambdaForm$MH+0x000000010074d000'
Event: 19.159 Thread 0x000001e77d914a60 Unloading class 0x000000010074c400 'java/lang/invoke/LambdaForm$DMH+0x000000010074c400'
Event: 19.159 Thread 0x000001e77d914a60 Unloading class 0x000000010074cc00 'java/lang/invoke/LambdaForm$DMH+0x000000010074cc00'
Event: 20.387 Thread 0x000001e77d914a60 Unloading class 0x00000001007c4000 'java/lang/invoke/LambdaForm$DMH+0x00000001007c4000'
Event: 20.387 Thread 0x000001e77d914a60 Unloading class 0x0000000100784c00 'java/lang/invoke/LambdaForm$DMH+0x0000000100784c00'
Event: 20.387 Thread 0x000001e77d914a60 Unloading class 0x0000000100784800 'java/lang/invoke/LambdaForm$DMH+0x0000000100784800'
Event: 20.387 Thread 0x000001e77d914a60 Unloading class 0x0000000100784400 'java/lang/invoke/LambdaForm$DMH+0x0000000100784400'

Classes redefined (0 events):
No events

Internal exceptions (20 events):
Event: 37.106 Thread 0x000001e77f26e7a0 Implicit null exception at 0x000001e7010d3ccf to 0x000001e7010d501c
Event: 37.106 Thread 0x000001e77f26e7a0 Exception <a 'java/lang/NullPointerException'{0x00000000eab97260}> (0x00000000eab97260) 
thrown [s\src\hotspot\share\runtime\sharedRuntime.cpp, line 631]
Event: 37.106 Thread 0x000001e77f26e7a0 Implicit null exception at 0x000001e7010d3ccf to 0x000001e7010d501c
Event: 37.106 Thread 0x000001e77f26e7a0 Exception <a 'java/lang/NullPointerException'{0x00000000eab984e8}> (0x00000000eab984e8) 
thrown [s\src\hotspot\share\runtime\sharedRuntime.cpp, line 631]
Event: 37.106 Thread 0x000001e77f26e7a0 Implicit null exception at 0x000001e7010d3ccf to 0x000001e7010d501c
Event: 37.106 Thread 0x000001e77f26e7a0 Exception <a 'java/lang/NullPointerException'{0x00000000eab9e760}> (0x00000000eab9e760) 
thrown [s\src\hotspot\share\runtime\sharedRuntime.cpp, line 631]
Event: 37.106 Thread 0x000001e77f26e7a0 Implicit null exception at 0x000001e7010d3ccf to 0x000001e7010d501c
Event: 37.106 Thread 0x000001e77f26e7a0 Exception <a 'java/lang/NullPointerException'{0x00000000eab9fb58}> (0x00000000eab9fb58) 
thrown [s\src\hotspot\share\runtime\sharedRuntime.cpp, line 631]
Event: 37.106 Thread 0x000001e77f26e7a0 Implicit null exception at 0x000001e7010d3ccf to 0x000001e7010d501c
Event: 37.106 Thread 0x000001e77f26e7a0 Exception <a 'java/lang/NullPointerException'{0x00000000eaba4e08}> (0x00000000eaba4e08) 
thrown [s\src\hotspot\share\runtime\sharedRuntime.cpp, line 631]
Event: 37.106 Thread 0x000001e77f26e7a0 Implicit null exception at 0x000001e7010d3ccf to 0x000001e7010d501c
Event: 37.106 Thread 0x000001e77f26e7a0 Exception <a 'java/lang/NullPointerException'{0x00000000eaba6000}> (0x00000000eaba6000) 
thrown [s\src\hotspot\share\runtime\sharedRuntime.cpp, line 631]
Event: 37.110 Thread 0x000001e77f26e7a0 Implicit null exception at 0x000001e7010d3ccf to 0x000001e7010d501c
Event: 37.110 Thread 0x000001e77f26e7a0 Exception <a 'java/lang/NullPointerException'{0x00000000eac79480}> (0x00000000eac79480) 
thrown [s\src\hotspot\share\runtime\sharedRuntime.cpp, line 631]
Event: 37.111 Thread 0x000001e77f26e7a0 Implicit null exception at 0x000001e7010d3ccf to 0x000001e7010d501c
Event: 37.111 Thread 0x000001e77f26e7a0 Exception <a 'java/lang/NullPointerException'{0x00000000eac7a578}> (0x00000000eac7a578) 
thrown [s\src\hotspot\share\runtime\sharedRuntime.cpp, line 631]
Event: 37.111 Thread 0x000001e77f26e7a0 Implicit null exception at 0x000001e7010d3ccf to 0x000001e7010d501c
Event: 37.111 Thread 0x000001e77f26e7a0 Exception <a 'java/lang/NullPointerException'{0x00000000eac7fe78}> (0x00000000eac7fe78) 
thrown [s\src\hotspot\share\runtime\sharedRuntime.cpp, line 631]
Event: 37.111 Thread 0x000001e77f26e7a0 Implicit null exception at 0x000001e7010d3ccf to 0x000001e7010d501c
Event: 37.111 Thread 0x000001e77f26e7a0 Exception <a 'java/lang/NullPointerException'{0x00000000eac81240}> (0x00000000eac81240) 
thrown [s\src\hotspot\share\runtime\sharedRuntime.cpp, line 631]

VM Operations (20 events):
Event: 37.100 Executing VM operation: ParallelGCFailedAllocation
Event: 37.101 Executing VM operation: ParallelGCFailedAllocation done
Event: 37.120 Executing VM operation: ParallelGCFailedAllocation
Event: 37.121 Executing VM operation: ParallelGCFailedAllocation done
Event: 37.125 Executing VM operation: ParallelGCFailedAllocation
Event: 37.126 Executing VM operation: ParallelGCFailedAllocation done
Event: 37.130 Executing VM operation: ParallelGCFailedAllocation
Event: 37.133 Executing VM operation: ParallelGCFailedAllocation done
Event: 37.138 Executing VM operation: ParallelGCFailedAllocation
Event: 37.144 Executing VM operation: ParallelGCFailedAllocation done
Event: 37.150 Executing VM operation: ParallelGCFailedAllocation
Event: 37.154 Executing VM operation: ParallelGCFailedAllocation done
Event: 37.161 Executing VM operation: ParallelGCFailedAllocation
Event: 37.162 Executing VM operation: ParallelGCFailedAllocation done
Event: 37.175 Executing VM operation: ParallelGCFailedAllocation
Event: 37.177 Executing VM operation: ParallelGCFailedAllocation done
Event: 37.203 Executing VM operation: ParallelGCFailedAllocation
Event: 37.205 Executing VM operation: ParallelGCFailedAllocation done
Event: 37.224 Executing VM operation: ParallelGCFailedAllocation
Event: 37.280 Executing VM operation: ParallelGCFailedAllocation done

Events (20 events):
Event: 35.498 Thread 0x000001e77d94f370 flushing nmethod 0x000001e701835690
Event: 35.498 Thread 0x000001e77d94f370 flushing nmethod 0x000001e701839410
Event: 35.498 Thread 0x000001e77d94f370 flushing nmethod 0x000001e701839890
Event: 35.498 Thread 0x000001e77d94f370 flushing nmethod 0x000001e701839e90
Event: 35.498 Thread 0x000001e77d94f370 flushing nmethod 0x000001e70183b490
Event: 35.498 Thread 0x000001e77d94f370 flushing nmethod 0x000001e70183c310
Event: 35.498 Thread 0x000001e77d94f370 flushing nmethod 0x000001e701842b10
Event: 35.498 Thread 0x000001e77d94f370 flushing nmethod 0x000001e701843090
Event: 35.498 Thread 0x000001e77d94f370 flushing nmethod 0x000001e701843c10
Event: 35.498 Thread 0x000001e77d94f370 flushing nmethod 0x000001e701844110
Event: 35.498 Thread 0x000001e77d94f370 flushing nmethod 0x000001e701844c90
Event: 35.498 Thread 0x000001e77d94f370 flushing nmethod 0x000001e701845790
Event: 35.498 Thread 0x000001e77d94f370 flushing nmethod 0x000001e701846d90
Event: 35.498 Thread 0x000001e77d94f370 flushing nmethod 0x000001e70184a690
Event: 35.498 Thread 0x000001e77d94f370 flushing nmethod 0x000001e70184b190
Event: 35.498 Thread 0x000001e77d94f370 flushing nmethod 0x000001e70184b590
Event: 35.498 Thread 0x000001e77d94f370 flushing nmethod 0x000001e70184c490
Event: 35.498 Thread 0x000001e77d94f370 flushing nmethod 0x000001e70184df90
Event: 35.498 Thread 0x000001e77d94f370 flushing nmethod 0x000001e701857d90
Event: 35.498 Thread 0x000001e77d94f370 flushing nmethod 0x000001e7018c8010


Dynamic libraries:
0x00007ff6fc1d0000 - 0x00007ff6fc1de000 	c:\Users\Bunty\.vscode\extensions\redhat.java-1.33.0-win32-x64\jre\17.0.11-win32-x86_64\bin\java.exe
0x00007ffe805b0000 - 0x00007ffe807c7000 	C:\WINDOWS\SYSTEM32\ntdll.dll
0x00007ffe7f7a0000 - 0x00007ffe7f864000 	C:\WINDOWS\System32\KERNEL32.DLL
0x00007ffe7dc80000 - 0x00007ffe7e02d000 	C:\WINDOWS\System32\KERNELBASE.dll
0x00007ffe7dae0000 - 0x00007ffe7dbf1000 	C:\WINDOWS\System32\ucrtbase.dll
0x00007ffe63290000 - 0x00007ffe632ab000 	c:\Users\Bunty\.vscode\extensions\redhat.java-1.33.0-win32-x64\jre\17.0.11-win32-x86_64\bin\VCRUNTIME140.dll
0x00007ffe6d300000 - 0x00007ffe6d317000 	c:\Users\Bunty\.vscode\extensions\redhat.java-1.33.0-win32-x64\jre\17.0.11-win32-x86_64\bin\jli.dll
0x00007ffe7cc40000 - 0x00007ffe7ced3000 	C:\WINDOWS\WinSxS\amd64_microsoft.windows.common-controls_6595b64144ccf1df_6.0.22621.3672_none_2713b9d173822955\COMCTL32.dll
0x00007ffe7e400000 - 0x00007ffe7e5ae000 	C:\WINDOWS\System32\USER32.dll
0x00007ffe7f6d0000 - 0x00007ffe7f777000 	C:\WINDOWS\System32\msvcrt.dll
0x00007ffe7e030000 - 0x00007ffe7e056000 	C:\WINDOWS\System32\win32u.dll
0x00007ffe7f5e0000 - 0x00007ffe7f609000 	C:\WINDOWS\System32\GDI32.dll
0x00007ffe7e1c0000 - 0x00007ffe7e2d9000 	C:\WINDOWS\System32\gdi32full.dll
0x00007ffe7d8d0000 - 0x00007ffe7d96a000 	C:\WINDOWS\System32\msvcp_win.dll
0x00007ffe7e690000 - 0x00007ffe7e6c1000 	C:\WINDOWS\System32\IMM32.DLL
0x00007ffe71de0000 - 0x00007ffe71dec000 	c:\Users\Bunty\.vscode\extensions\redhat.java-1.33.0-win32-x64\jre\17.0.11-win32-x86_64\bin\vcruntime140_1.dll
0x00007ffe33e40000 - 0x00007ffe33ecd000 	c:\Users\Bunty\.vscode\extensions\redhat.java-1.33.0-win32-x64\jre\17.0.11-win32-x86_64\bin\msvcp140.dll
0x00007ffe0a8a0000 - 0x00007ffe0b502000 	c:\Users\Bunty\.vscode\extensions\redhat.java-1.33.0-win32-x64\jre\17.0.11-win32-x86_64\bin\server\jvm.dll
0x00007ffe7f1b0000 - 0x00007ffe7f262000 	C:\WINDOWS\System32\ADVAPI32.dll
0x00007ffe7f530000 - 0x00007ffe7f5d9000 	C:\WINDOWS\System32\sechost.dll
0x00007ffe7e120000 - 0x00007ffe7e148000 	C:\WINDOWS\System32\bcrypt.dll
0x00007ffe7f040000 - 0x00007ffe7f154000 	C:\WINDOWS\System32\RPCRT4.dll
0x00007ffe747d0000 - 0x00007ffe74804000 	C:\WINDOWS\SYSTEM32\WINMM.dll
0x00007ffe75440000 - 0x00007ffe75449000 	C:\WINDOWS\SYSTEM32\WSOCK32.dll
0x00007ffe7d410000 - 0x00007ffe7d45d000 	C:\WINDOWS\SYSTEM32\POWRPROF.dll
0x00007ffe74210000 - 0x00007ffe7421a000 	C:\WINDOWS\SYSTEM32\VERSION.dll
0x00007ffe804f0000 - 0x00007ffe80561000 	C:\WINDOWS\System32\WS2_32.dll
0x00007ffe7d080000 - 0x00007ffe7d093000 	C:\WINDOWS\SYSTEM32\UMPDC.dll
0x00007ffe7c290000 - 0x00007ffe7c2a8000 	C:\WINDOWS\SYSTEM32\kernel.appcore.dll
0x00007ffe71ac0000 - 0x00007ffe71aca000 	c:\Users\Bunty\.vscode\extensions\redhat.java-1.33.0-win32-x64\jre\17.0.11-win32-x86_64\bin\jimage.dll
0x00007ffe7d1d0000 - 0x00007ffe7d402000 	C:\WINDOWS\SYSTEM32\DBGHELP.DLL
0x00007ffe7e830000 - 0x00007ffe7ebbd000 	C:\WINDOWS\System32\combase.dll
0x00007ffe7e5b0000 - 0x00007ffe7e687000 	C:\WINDOWS\System32\OLEAUT32.dll
0x00007ffe7d0c0000 - 0x00007ffe7d0f2000 	C:\WINDOWS\SYSTEM32\dbgcore.DLL
0x00007ffe7dc00000 - 0x00007ffe7dc7b000 	C:\WINDOWS\System32\bcryptPrimitives.dll
0x00007ffe6fe30000 - 0x00007ffe6fe3e000 	c:\Users\Bunty\.vscode\extensions\redhat.java-1.33.0-win32-x64\jre\17.0.11-win32-x86_64\bin\instrument.dll
0x00007ffe4ead0000 - 0x00007ffe4eaf5000 	c:\Users\Bunty\.vscode\extensions\redhat.java-1.33.0-win32-x64\jre\17.0.11-win32-x86_64\bin\java.dll
0x00007ffe5c1c0000 - 0x00007ffe5c1d8000 	c:\Users\Bunty\.vscode\extensions\redhat.java-1.33.0-win32-x64\jre\17.0.11-win32-x86_64\bin\zip.dll
0x00007ffe7fc80000 - 0x00007ffe804e7000 	C:\WINDOWS\System32\SHELL32.dll
0x00007ffe7b140000 - 0x00007ffe7ba3e000 	C:\WINDOWS\SYSTEM32\windows.storage.dll
0x00007ffe7b000000 - 0x00007ffe7b13f000 	C:\WINDOWS\SYSTEM32\wintypes.dll
0x00007ffe7e2e0000 - 0x00007ffe7e3d9000 	C:\WINDOWS\System32\SHCORE.dll
0x00007ffe7fb20000 - 0x00007ffe7fb7e000 	C:\WINDOWS\System32\shlwapi.dll
0x00007ffe7d800000 - 0x00007ffe7d821000 	C:\WINDOWS\SYSTEM32\profapi.dll
0x00007ffe56a30000 - 0x00007ffe56a49000 	C:\Users\Bunty\.vscode\extensions\redhat.java-1.33.0-win32-x64\jre\17.0.11-win32-x86_64\bin\net.dll
0x00007ffe768c0000 - 0x00007ffe769f6000 	C:\WINDOWS\SYSTEM32\WINHTTP.dll
0x00007ffe7c6c0000 - 0x00007ffe7c729000 	C:\WINDOWS\system32\mswsock.dll
0x00007ffe54d30000 - 0x00007ffe54d46000 	C:\Users\Bunty\.vscode\extensions\redhat.java-1.33.0-win32-x64\jre\17.0.11-win32-x86_64\bin\nio.dll
0x00007ffe6fdf0000 - 0x00007ffe6fe00000 	c:\Users\Bunty\.vscode\extensions\redhat.java-1.33.0-win32-x64\jre\17.0.11-win32-x86_64\bin\verify.dll
0x00007ffe37100000 - 0x00007ffe37145000 	C:\Users\Bunty\AppData\Roaming\Code\User\globalStorage\redhat.java\1.33.0\config_win\org.eclipse.equinox.launcher\org.eclipse.equinox.launcher.win32.win32.x86_64_1.2.1100.v20240722-2106\eclipse_11904.dll
0x00007ffe7f870000 - 0x00007ffe7fa15000 	C:\WINDOWS\System32\ole32.dll
0x00007ffe7d560000 - 0x00007ffe7d57b000 	C:\WINDOWS\SYSTEM32\CRYPTSP.dll
0x00007ffe7c1f0000 - 0x00007ffe7c225000 	C:\WINDOWS\system32\rsaenh.dll
0x00007ffe7c920000 - 0x00007ffe7c948000 	C:\WINDOWS\SYSTEM32\USERENV.dll
0x00007ffe7c950000 - 0x00007ffe7c95c000 	C:\WINDOWS\SYSTEM32\CRYPTBASE.dll
0x00007ffe7bd50000 - 0x00007ffe7bd7d000 	C:\WINDOWS\SYSTEM32\IPHLPAPI.DLL
0x00007ffe7f610000 - 0x00007ffe7f619000 	C:\WINDOWS\System32\NSI.dll
0x00007ffe74060000 - 0x00007ffe74079000 	C:\WINDOWS\SYSTEM32\dhcpcsvc6.DLL
0x00007ffe73fa0000 - 0x00007ffe73fbf000 	C:\WINDOWS\SYSTEM32\dhcpcsvc.DLL
0x00007ffe7bd80000 - 0x00007ffe7be78000 	C:\WINDOWS\SYSTEM32\DNSAPI.dll
0x00007ffe33df0000 - 0x00007ffe33e35000 	C:\Users\Bunty\AppData\Local\Temp\jna-64547360\jna7042632843965614413.dll
0x00007ffe7fc00000 - 0x00007ffe7fc08000 	C:\WINDOWS\System32\PSAPI.DLL

dbghelp: loaded successfully - version: 4.0.5 - missing functions: none
symbol engine: initialized successfully - sym options: 0x614 - pdb path: .;c:\Users\Bunty\.vscode\extensions\redhat.java-1.33.0-win32-x64\jre\17.0.11-win32-x86_64\bin;C:\WINDOWS\SYSTEM32;C:\WINDOWS\WinSxS\amd64_microsoft.windows.common-controls_6595b64144ccf1df_6.0.22621.3672_none_2713b9d173822955;c:\Users\Bunty\.vscode\extensions\redhat.java-1.33.0-win32-x64\jre\17.0.11-win32-x86_64\bin\server;C:\Users\Bunty\AppData\Roaming\Code\User\globalStorage\redhat.java\1.33.0\config_win\org.eclipse.equinox.launcher\org.eclipse.equinox.launcher.win32.win32.x86_64_1.2.1100.v20240722-2106;C:\Users\Bunty\AppData\Local\Temp\jna-64547360

VM Arguments:
jvm_args: --add-modules=ALL-SYSTEM --add-opens=java.base/java.util=ALL-UNNAMED --add-opens=java.base/java.lang=ALL-UNNAMED --add-opens=java.base/sun.nio.fs=ALL-UNNAMED -Declipse.application=org.eclipse.jdt.ls.core.id1 -Dosgi.bundles.defaultStartLevel=4 -Declipse.product=org.eclipse.jdt.ls.core.product -Djava.import.generatesMetadataFilesAtProjectRoot=false -DDetectVMInstallationsJob.disabled=true -Dfile.encoding=utf8 -XX:+UseParallelGC -XX:GCTimeRatio=4 -XX:AdaptiveSizePolicyWeight=90 -Dsun.zip.disableMemoryMapping=true -Xmx1G -Xms100m -Xlog:disable -javaagent:c:\Users\Bunty\.vscode\extensions\redhat.java-1.33.0-win32-x64\lombok\lombok-1.18.33.jar -XX:+HeapDumpOnOutOfMemoryError -XX:HeapDumpPath=c:\Users\Bunty\AppData\Roaming\Code\User\workspaceStorage\d0dcb43cc1d013b454b472d158cd5246\redhat.java -Daether.dependencyCollector.impl=bf 
java_command: c:\Users\Bunty\.vscode\extensions\redhat.java-1.33.0-win32-x64\server\plugins\org.eclipse.equinox.launcher_1.6.900.v20240613-2009.jar -configuration c:\Users\Bunty\AppData\Roaming\Code\User\globalStorage\redhat.java\1.33.0\config_win -data c:\Users\Bunty\AppData\Roaming\Code\User\workspaceStorage\d0dcb43cc1d013b454b472d158cd5246\redhat.java\jdt_ws --pipe=\\.\pipe\lsp-d955a6062208837f961a87a825db0d76-sock
java_class_path (initial): c:\Users\Bunty\.vscode\extensions\redhat.java-1.33.0-win32-x64\server\plugins\org.eclipse.equinox.launcher_1.6.900.v20240613-2009.jar
Launcher Type: SUN_STANDARD

[Global flags]
    uintx AdaptiveSizePolicyWeight                 = 90                                        {product} {command line}
     intx CICompilerCount                          = 4                                         {product} {ergonomic}
    uintx GCTimeRatio                              = 4                                         {product} {command line}
     bool HeapDumpOnOutOfMemoryError               = true                                   {manageable} {command line}
    ccstr HeapDumpPath                             = c:\Users\Bunty\AppData\Roaming\Code\User\workspaceStorage\d0dcb43cc1d013b454b472d158cd5246\redhat.java         {manageable} {command line}
   size_t InitialHeapSize                          = 104857600                                 {product} {command line}
   size_t MaxHeapSize                              = 1073741824                                {product} {command line}
   size_t MaxNewSize                               = 357564416                                 {product} {ergonomic}
   size_t MinHeapDeltaBytes                        = 524288                                    {product} {ergonomic}
   size_t MinHeapSize                              = 104857600                                 {product} {command line}
   size_t NewSize                                  = 34603008                                  {product} {ergonomic}
    uintx NonNMethodCodeHeapSize                   = 5839372                                {pd product} {ergonomic}
    uintx NonProfiledCodeHeapSize                  = 122909434                              {pd product} {ergonomic}
   size_t OldSize                                  = 70254592                                  {product} {ergonomic}
    uintx ProfiledCodeHeapSize                     = 122909434                              {pd product} {ergonomic}
    uintx ReservedCodeCacheSize                    = 251658240                              {pd product} {ergonomic}
     bool SegmentedCodeCache                       = true                                      {product} {ergonomic}
   size_t SoftMaxHeapSize                          = 1073741824                             {manageable} {ergonomic}
     bool UseCompressedClassPointers               = true                           {product lp64_product} {ergonomic}
     bool UseCompressedOops                        = true                           {product lp64_product} {ergonomic}
     bool UseLargePagesIndividualAllocation        = false                                  {pd product} {ergonomic}
     bool UseParallelGC                            = true                                      {product} {command line}

Logging:
Log output configuration:
 #0: stdout all=off uptime,level,tags
 #1: stderr all=off uptime,level,tags

Environment Variables:
PATH=C:\Program Files\Common Files\Oracle\Java\javapath;C:\Program Files (x86)\Common Files\Oracle\Java\java8path;C:\Program Files (x86)\Common Files\Oracle\Java\javapath;C:\Program Files\Python312\Scripts\;C:\Program Files\Python312\;C:\Windows\system32;C:\Windows;C:\Windows\System32\Wbem;C:\Windows\System32\WindowsPowerShell\v1.0\;C:\Windows\System32\OpenSSH\;C:\Program Files (x86)\NVIDIA Corporation\PhysX\Common;C:\Program Files\NVIDIA Corporation\NVIDIA NvDLISR;C:\WINDOWS\system32;C:\WINDOWS;C:\WINDOWS\System32\Wbem;C:\WINDOWS\System32\WindowsPowerShell\v1.0\;C:\WINDOWS\System32\OpenSSH\;C:\Program Files\Microsoft VS Code\bin;C:\Program Files\apache-maven-3.9.8\bin;C:\ProgramData\chocolatey\bin;C:\ProgramData\chocolatey\lib\maven\apache-maven-3.9.8\bin;C:\Program Files\nodejs\;C:\Program Files\Git\cmd;C:\Program Files\dotnet\;C:\Users\Bunty\AppData\Local\Microsoft\WindowsApps;C:\Users\Bunty\AppData\Roaming\npm;C:\Users\Bunty\AppData\Local\GitHubDesktop\bin;C:\Users\Bunty\.dotnet\tools
USERNAME=Bunty
OS=Windows_NT
PROCESSOR_IDENTIFIER=Intel64 Family 6 Model 141 Stepping 1, GenuineIntel
TMP=C:\Users\Bunty\AppData\Local\Temp
TEMP=C:\Users\Bunty\AppData\Local\Temp



Periodic native trim disabled


---------------  S Y S T E M  ---------------

OS:
 Windows 11 , 64 bit Build 22621 (10.0.22621.3958)
OS uptime: 9 days 14:40 hours

CPU: total 12 (initial active 12) (6 cores per cpu, 2 threads per core) family 6 model 141 stepping 1 microcode 0x34, cx8, cmov, fxsr, ht, mmx, 3dnowpref, sse, sse2, sse3, ssse3, sse4.1, sse4.2, popcnt, lzcnt, tsc, tscinvbit, avx, avx2, aes, erms, clmul, bmi1, bmi2, adx, avx512f, avx512dq, avx512cd, avx512bw, avx512vl, sha, fma, vzeroupper, avx512_vpopcntdq, avx512_vpclmulqdq, avx512_vaes, avx512_vnni, clflush, clflushopt, clwb, avx512_vbmi2, avx512_vbmi
Processor Information for all 12 processors :
  Max Mhz: 2688, Current Mhz: 2688, Mhz Limit: 2688

Memory: 4k page, system-wide physical 7930M (160M free)
TotalPageFile size 27130M (AvailPageFile size 5M)
current process WorkingSet (physical memory assigned to process): 345M, peak: 379M
current process commit charge ("private bytes"): 383M, peak: 431M

vm_info: OpenJDK 64-Bit Server VM (17.0.11+9) for windows-amd64 JRE (17.0.11+9), built on Apr 17 2024 06:07:48 by "admin" with MS VC++ 16.10 / 16.11 (VS2019)

END.
