#
# There is insufficient memory for the Java Runtime Environment to continue.
# Native memory allocation (mmap) failed to map 28311552 bytes. Error detail: G1 virtual space
# Possible reasons:
#   The system is out of physical RAM or swap space
#   This process is running with CompressedOops enabled, and the Java Heap may be blocking the growth of the native heap
# Possible solutions:
#   Reduce memory load on the system
#   Increase physical memory or swap space
#   Check if swap backing store is full
#   Decrease Java heap size (-Xmx/-Xms)
#   Decrease number of Java threads
#   Decrease Java thread stack sizes (-Xss)
#   Set larger code cache with -XX:ReservedCodeCacheSize=
#   JVM is running with Unscaled Compressed Oops mode in which the Java heap is
#     placed in the first 4GB address space. The Java Heap base address is the
#     maximum limit for the native heap growth. Please use -XX:HeapBaseMinAddress
#     to set the Java Heap base and to place the Java Heap above 4GB virtual address.
# This output file may be truncated or incomplete.
#
#  Out of Memory Error (os_windows.cpp:3613), pid=22432, tid=31852
#
# JRE version: OpenJDK Runtime Environment Temurin-17.0.11+9 (17.0.11+9) (build 17.0.11+9)
# Java VM: OpenJDK 64-Bit Server VM Temurin-17.0.11+9 (17.0.11+9, mixed mode, emulated-client, tiered, compressed oops, compressed class ptrs, g1 gc, windows-amd64)
# No core dump will be written. Minidumps are not enabled by default on client versions of Windows
#

---------------  S U M M A R Y ------------

Command Line: -Xmx1024m -Dsts.lsp.client=vscode -Dsts.log.file=/dev/null -XX:TieredStopAtLevel=1 -Xlog:jni+resolve=off -Dspring.config.location=file:c:\Users\Bunty\.vscode\extensions\vmware.vscode-spring-boot-1.56.0\language-server\BOOT-INF\classes\application.properties org.springframework.ide.vscode.boot.app.BootLanguageServerBootApp

Host: 11th Gen Intel(R) Core(TM) i5-11400H @ 2.70GHz, 12 cores, 7G,  Windows 11 , 64 bit Build 22621 (10.0.22621.3958)
Time: Thu Aug  8 02:14:56 2024 India Standard Time elapsed time: 66.540580 seconds (0d 0h 1m 6s)

---------------  T H R E A D  ---------------

Current thread (0x0000011b9d49bf50):  VMThread "VM Thread" [stack: 0x0000000d5ca00000,0x0000000d5cb00000] [id=31852]

Stack: [0x0000000d5ca00000,0x0000000d5cb00000]
Native frames: (J=compiled Java code, j=interpreted, Vv=VM code, C=native code)
V  [jvm.dll+0x67d429]
V  [jvm.dll+0x834b7a]
V  [jvm.dll+0x83663e]
V  [jvm.dll+0x836ca3]
V  [jvm.dll+0x247dbf]
V  [jvm.dll+0x67a269]
V  [jvm.dll+0x66ecda]
V  [jvm.dll+0x30797b]
V  [jvm.dll+0x30ee26]
V  [jvm.dll+0x35e80e]
V  [jvm.dll+0x35ea3f]
V  [jvm.dll+0x2de6b8]
V  [jvm.dll+0x2dcac4]
V  [jvm.dll+0x2dc0cc]
V  [jvm.dll+0x31facb]
V  [jvm.dll+0x83b19b]
V  [jvm.dll+0x83bed2]
V  [jvm.dll+0x83c3ed]
V  [jvm.dll+0x83c7c4]
V  [jvm.dll+0x83c890]
V  [jvm.dll+0x7e410a]
V  [jvm.dll+0x67c315]
C  [ucrtbase.dll+0x29333]
C  [KERNEL32.DLL+0x1257d]
C  [ntdll.dll+0x5af28]

VM_Operation (0x0000000d5e9fdd90): G1CollectForAllocation, mode: safepoint, requested by thread 0x0000011b9d73e9c0


---------------  P R O C E S S  ---------------

Threads class SMR info:
_java_thread_list=0x0000011ba25ef9d0, length=56, elements={
0x0000011b9d4ef390, 0x0000011b9d4efe60, 0x0000011b9d502fc0, 0x0000011b9d5058a0,
0x0000011b9d506170, 0x0000011b9d506a40, 0x0000011b9d62a4a0, 0x0000011b9d62d560,
0x0000011b9d83b4b0, 0x0000011b9d841410, 0x0000011ba2cf4040, 0x0000011ba3621cb0,
0x0000011ba3628280, 0x0000011b900ce490, 0x0000011b9d711040, 0x0000011ba2649ac0,
0x0000011b9d73da90, 0x0000011b9d73e4b0, 0x0000011b9d73c140, 0x0000011b9d73e9c0,
0x0000011b9d73f3e0, 0x0000011b9d73eed0, 0x0000011b9d73f8f0, 0x0000011b9d73d580,
0x0000011b9d73dfa0, 0x0000011b9d73c650, 0x0000011b9d73cb60, 0x0000011b9d73d070,
0x0000011ba367dcb0, 0x0000011ba367b940, 0x0000011ba367e1c0, 0x0000011ba367b430,
0x0000011ba367cd80, 0x0000011ba367c360, 0x0000011ba367c870, 0x0000011ba367e6d0,
0x0000011ba367af20, 0x0000011ba367d290, 0x0000011ba367d7a0, 0x0000011ba42287e0,
0x0000011ba422ab50, 0x0000011ba42278b0, 0x0000011ba422bf90, 0x0000011ba4228cf0,
0x0000011ba4229200, 0x0000011ba422b060, 0x0000011ba4229710, 0x0000011ba422c9b0,
0x0000011ba4226470, 0x0000011ba422b570, 0x0000011ba4229c20, 0x0000011ba4225f60,
0x0000011ba422a130, 0x0000011ba422a640, 0x0000011ba4227dc0, 0x0000011ba422cec0
}

Java Threads: ( => current thread )
  0x0000011b9d4ef390 JavaThread "Reference Handler" daemon [_thread_blocked, id=24532, stack(0x0000000d5cb00000,0x0000000d5cc00000)]
  0x0000011b9d4efe60 JavaThread "Finalizer" daemon [_thread_blocked, id=29568, stack(0x0000000d5cc00000,0x0000000d5cd00000)]
  0x0000011b9d502fc0 JavaThread "Signal Dispatcher" daemon [_thread_blocked, id=20400, stack(0x0000000d5cd00000,0x0000000d5ce00000)]
  0x0000011b9d5058a0 JavaThread "Attach Listener" daemon [_thread_blocked, id=24324, stack(0x0000000d5ce00000,0x0000000d5cf00000)]
  0x0000011b9d506170 JavaThread "Service Thread" daemon [_thread_blocked, id=30776, stack(0x0000000d5cf00000,0x0000000d5d000000)]
  0x0000011b9d506a40 JavaThread "Monitor Deflation Thread" daemon [_thread_blocked, id=30968, stack(0x0000000d5d000000,0x0000000d5d100000)]
  0x0000011b9d62a4a0 JavaThread "C1 CompilerThread0" daemon [_thread_blocked, id=30748, stack(0x0000000d5d100000,0x0000000d5d200000)]
  0x0000011b9d62d560 JavaThread "Sweeper thread" daemon [_thread_blocked, id=27088, stack(0x0000000d5d200000,0x0000000d5d300000)]
  0x0000011b9d83b4b0 JavaThread "Notification Thread" daemon [_thread_blocked, id=15848, stack(0x0000000d5d300000,0x0000000d5d400000)]
  0x0000011b9d841410 JavaThread "Common-Cleaner" daemon [_thread_blocked, id=25612, stack(0x0000000d5d500000,0x0000000d5d600000)]
  0x0000011ba2cf4040 JavaThread "boundedElastic-evictor-1" daemon [_thread_blocked, id=17208, stack(0x0000000d5db00000,0x0000000d5dc00000)]
  0x0000011ba3621cb0 JavaThread "pool-13-thread-1" [_thread_blocked, id=4552, stack(0x0000000d5e200000,0x0000000d5e300000)]
  0x0000011ba3628280 JavaThread "LanguageServerApp-lifecycle" [_thread_blocked, id=26464, stack(0x0000000d5e300000,0x0000000d5e400000)]
  0x0000011b900ce490 JavaThread "DestroyJavaVM" [_thread_blocked, id=19784, stack(0x0000000d5c400000,0x0000000d5c500000)]
  0x0000011b9d711040 JavaThread "pool-14-thread-1" [_thread_in_native, id=19928, stack(0x0000000d5e400000,0x0000000d5e500000)]
  0x0000011ba2649ac0 JavaThread "Simple-Language-Server main thread" daemon [_thread_blocked, id=30784, stack(0x0000000d5e500000,0x0000000d5e600000)]
  0x0000011b9d73da90 JavaThread "pool-8-thread-1" [_thread_blocked, id=6304, stack(0x0000000d5e600000,0x0000000d5e700000)]
  0x0000011b9d73e4b0 JavaThread "parallel-1" daemon [_thread_blocked, id=21156, stack(0x0000000d5e700000,0x0000000d5e800000)]
  0x0000011b9d73c140 JavaThread "pool-5-thread-1" [_thread_blocked, id=22560, stack(0x0000000d5e800000,0x0000000d5e900000)]
  0x0000011b9d73e9c0 JavaThread "pool-6-thread-1" [_thread_blocked, id=12440, stack(0x0000000d5e900000,0x0000000d5ea00000)]
  0x0000011b9d73f3e0 JavaThread "parallel-2" daemon [_thread_blocked, id=13688, stack(0x0000000d5ea00000,0x0000000d5eb00000)]
  0x0000011b9d73eed0 JavaThread "ForkJoinPool.commonPool-worker-1" daemon [_thread_blocked, id=9140, stack(0x0000000d5eb00000,0x0000000d5ec00000)]
  0x0000011b9d73f8f0 JavaThread "pool-5-thread-2" [_thread_blocked, id=23664, stack(0x0000000d5ec00000,0x0000000d5ed00000)]
  0x0000011b9d73d580 JavaThread "pool-5-thread-3" [_thread_blocked, id=32088, stack(0x0000000d5ed00000,0x0000000d5ee00000)]
  0x0000011b9d73dfa0 JavaThread "Reconciler-1" daemon [_thread_blocked, id=22660, stack(0x0000000d5ee00000,0x0000000d5ef00000)]
  0x0000011b9d73c650 JavaThread "parallel-3" daemon [_thread_blocked, id=15964, stack(0x0000000d5ef00000,0x0000000d5f000000)]
  0x0000011b9d73cb60 JavaThread "parallel-4" daemon [_thread_blocked, id=22960, stack(0x0000000d5f000000,0x0000000d5f100000)]
  0x0000011b9d73d070 JavaThread "parallel-5" daemon [_thread_blocked, id=16456, stack(0x0000000d5f100000,0x0000000d5f200000)]
  0x0000011ba367dcb0 JavaThread "parallel-6" daemon [_thread_blocked, id=29508, stack(0x0000000d5f300000,0x0000000d5f400000)]
  0x0000011ba367b940 JavaThread "parallel-7" daemon [_thread_blocked, id=23108, stack(0x0000000d5f400000,0x0000000d5f500000)]
  0x0000011ba367e1c0 JavaThread "parallel-8" daemon [_thread_blocked, id=16072, stack(0x0000000d5f500000,0x0000000d5f600000)]
  0x0000011ba367b430 JavaThread "pool-4-thread-1" [_thread_blocked, id=26888, stack(0x0000000d5f600000,0x0000000d5f700000)]
  0x0000011ba367cd80 JavaThread "pool-5-thread-4" [_thread_blocked, id=20872, stack(0x0000000d5f800000,0x0000000d5f900000)]
  0x0000011ba367c360 JavaThread "pool-5-thread-5" [_thread_blocked, id=32652, stack(0x0000000d5f900000,0x0000000d5fa00000)]
  0x0000011ba367c870 JavaThread "pool-5-thread-6" [_thread_blocked, id=8864, stack(0x0000000d5fa00000,0x0000000d5fb00000)]
  0x0000011ba367e6d0 JavaThread "pool-5-thread-7" [_thread_blocked, id=25916, stack(0x0000000d5fb00000,0x0000000d5fc00000)]
  0x0000011ba367af20 JavaThread "pool-5-thread-8" [_thread_blocked, id=16288, stack(0x0000000d5fc00000,0x0000000d5fd00000)]
  0x0000011ba367d290 JavaThread "pool-5-thread-9" [_thread_blocked, id=18616, stack(0x0000000d5fe00000,0x0000000d5ff00000)]
  0x0000011ba367d7a0 JavaThread "pool-5-thread-10" [_thread_blocked, id=14004, stack(0x0000000d5ff00000,0x0000000d60000000)]
  0x0000011ba42287e0 JavaThread "OkHttp api.spring.io" daemon [_thread_in_native, id=9028, stack(0x0000000d60000000,0x0000000d60100000)]
  0x0000011ba422ab50 JavaThread "OkHttp api.spring.io" daemon [_thread_in_native, id=1436, stack(0x0000000d60100000,0x0000000d60200000)]
  0x0000011ba42278b0 JavaThread "OkHttp api.spring.io" daemon [_thread_in_native, id=10888, stack(0x0000000d60200000,0x0000000d60300000)]
  0x0000011ba422bf90 JavaThread "Okio Watchdog" daemon [_thread_blocked, id=16156, stack(0x0000000d60300000,0x0000000d60400000)]
  0x0000011ba4228cf0 JavaThread "OkHttp TaskRunner" daemon [_thread_blocked, id=25532, stack(0x0000000d60400000,0x0000000d60500000)]
  0x0000011ba4229200 JavaThread "parallel-9" daemon [_thread_blocked, id=10620, stack(0x0000000d60500000,0x0000000d60600000)]
  0x0000011ba422b060 JavaThread "parallel-10" daemon [_thread_blocked, id=29204, stack(0x0000000d60600000,0x0000000d60700000)]
  0x0000011ba4229710 JavaThread "OkHttp TaskRunner" daemon [_thread_blocked, id=20888, stack(0x0000000d60700000,0x0000000d60800000)]
  0x0000011ba422c9b0 JavaThread "OkHttp TaskRunner" daemon [_thread_blocked, id=25344, stack(0x0000000d60800000,0x0000000d60900000)]
  0x0000011ba4226470 JavaThread "OkHttp TaskRunner" daemon [_thread_blocked, id=32488, stack(0x0000000d60900000,0x0000000d60a00000)]
  0x0000011ba422b570 JavaThread "CompletableFutureDelayScheduler" daemon [_thread_blocked, id=19400, stack(0x0000000d60b00000,0x0000000d60c00000)]
  0x0000011ba4229c20 JavaThread "parallel-11" daemon [_thread_blocked, id=22624, stack(0x0000000d60c00000,0x0000000d60d00000)]
  0x0000011ba4225f60 JavaThread "ForkJoinPool.commonPool-worker-2" daemon [_thread_blocked, id=27444, stack(0x0000000d60d00000,0x0000000d60e00000)]
  0x0000011ba422a130 JavaThread "parallel-12" daemon [_thread_blocked, id=10956, stack(0x0000000d60e00000,0x0000000d60f00000)]
  0x0000011ba422a640 JavaThread "ForkJoinPool.commonPool-worker-3" daemon [_thread_blocked, id=31920, stack(0x0000000d60f00000,0x0000000d61000000)]
  0x0000011ba4227dc0 JavaThread "pool-3-thread-1" [_thread_blocked, id=21544, stack(0x0000000d5c100000,0x0000000d5c200000)]
  0x0000011ba422cec0 JavaThread "ForkJoinPool.commonPool-worker-4" daemon [_thread_blocked, id=18584, stack(0x0000000d5c200000,0x0000000d5c300000)]

Other Threads:
=>0x0000011b9d49bf50 VMThread "VM Thread" [stack: 0x0000000d5ca00000,0x0000000d5cb00000] [id=31852]
  0x0000011b9d83b990 WatcherThread [stack: 0x0000000d5d400000,0x0000000d5d500000] [id=20360]
  0x0000011b92299ba0 GCTaskThread "GC Thread#0" [stack: 0x0000000d5c500000,0x0000000d5c600000] [id=29404]
  0x0000011ba276d570 GCTaskThread "GC Thread#1" [stack: 0x0000000d5d600000,0x0000000d5d700000] [id=1968]
  0x0000011ba263b4c0 GCTaskThread "GC Thread#2" [stack: 0x0000000d5d700000,0x0000000d5d800000] [id=17084]
  0x0000011ba263b780 GCTaskThread "GC Thread#3" [stack: 0x0000000d5d800000,0x0000000d5d900000] [id=27780]
  0x0000011ba2a4b860 GCTaskThread "GC Thread#4" [stack: 0x0000000d5d900000,0x0000000d5da00000] [id=17216]
  0x0000011ba2a4bb20 GCTaskThread "GC Thread#5" [stack: 0x0000000d5da00000,0x0000000d5db00000] [id=9116]
  0x0000011ba2d82b40 GCTaskThread "GC Thread#6" [stack: 0x0000000d5dc00000,0x0000000d5dd00000] [id=20288]
  0x0000011ba2da4cf0 GCTaskThread "GC Thread#7" [stack: 0x0000000d5dd00000,0x0000000d5de00000] [id=11588]
  0x0000011ba2da4fb0 GCTaskThread "GC Thread#8" [stack: 0x0000000d5de00000,0x0000000d5df00000] [id=20156]
  0x0000011ba2da5c90 GCTaskThread "GC Thread#9" [stack: 0x0000000d5df00000,0x0000000d5e000000] [id=12468]
  0x0000011b922a2a00 ConcurrentGCThread "G1 Main Marker" [stack: 0x0000000d5c600000,0x0000000d5c700000] [id=1624]
  0x0000011b922a3330 ConcurrentGCThread "G1 Conc#0" [stack: 0x0000000d5c700000,0x0000000d5c800000] [id=19464]
  0x0000011ba2cbb270 ConcurrentGCThread "G1 Conc#1" [stack: 0x0000000d5e000000,0x0000000d5e100000] [id=2472]
  0x0000011ba2c608c0 ConcurrentGCThread "G1 Conc#2" [stack: 0x0000000d5e100000,0x0000000d5e200000] [id=13500]
  0x0000011b922fdbc0 ConcurrentGCThread "G1 Refine#0" [stack: 0x0000000d5c800000,0x0000000d5c900000] [id=19092]
  0x0000011b922fe500 ConcurrentGCThread "G1 Service" [stack: 0x0000000d5c900000,0x0000000d5ca00000] [id=27752]

Threads with active compile tasks:

VM state: at safepoint (normal execution)

VM Mutex/Monitor currently owned by a thread:  ([mutex/lock_event])
[0x0000011b900138e0] Threads_lock - owner thread: 0x0000011b9d49bf50
[0x0000011b900ccad0] Heap_lock - owner thread: 0x0000011b9d73e9c0

Heap address: 0x00000000c0000000, size: 1024 MB, Compressed Oops mode: 32-bit

CDS archive(s) not mapped
Compressed class space mapped at: 0x0000000100000000-0x0000000140000000, reserved size: 1073741824
Narrow klass base: 0x0000000000000000, Narrow klass shift: 3, Narrow klass range: 0x140000000

GC Precious Log:
 CPUs: 12 total, 12 available
 Memory: 7930M
 Large Page Support: Disabled
 NUMA Support: Disabled
 Compressed Oops: Enabled (32-bit)
 Heap Region Size: 1M
 Heap Min Capacity: 8M
 Heap Initial Capacity: 124M
 Heap Max Capacity: 1G
 Pre-touch: Disabled
 Parallel Workers: 10
 Concurrent Workers: 3
 Concurrent Refinement Workers: 10
 Periodic GC: Disabled

Heap:
 garbage-first heap   total 99328K, used 52257K [0x00000000c0000000, 0x0000000100000000)
  region size 1024K, 4 young (4096K), 4 survivors (4096K)
 Metaspace       used 62695K, committed 63104K, reserved 1114112K
  class space    used 7672K, committed 7872K, reserved 1048576K

Heap Regions: E=young(eden), S=young(survivor), O=old, HS=humongous(starts), HC=humongous(continues), CS=collection set, F=free, OA=open archive, CA=closed archive, TAMS=top-at-mark-start (previous, next)
|   0|0x00000000c0000000, 0x00000000c0100000, 0x00000000c0100000|100%|HS|  |TAMS 0x00000000c0100000, 0x00000000c0100000| Complete 
|   1|0x00000000c0100000, 0x00000000c0200000, 0x00000000c0200000|100%|HC|  |TAMS 0x00000000c0200000, 0x00000000c0200000| Complete 
|   2|0x00000000c0200000, 0x00000000c0300000, 0x00000000c0300000|100%|HC|  |TAMS 0x00000000c0300000, 0x00000000c0300000| Complete 
|   3|0x00000000c0300000, 0x00000000c0400000, 0x00000000c0400000|100%|HC|  |TAMS 0x00000000c0400000, 0x00000000c0400000| Complete 
|   4|0x00000000c0400000, 0x00000000c0500000, 0x00000000c0500000|100%|HS|  |TAMS 0x00000000c0500000, 0x00000000c0500000| Complete 
|   5|0x00000000c0500000, 0x00000000c0600000, 0x00000000c0600000|100%|HC|  |TAMS 0x00000000c0600000, 0x00000000c0600000| Complete 
|   6|0x00000000c0600000, 0x00000000c0700000, 0x00000000c0700000|100%| O|  |TAMS 0x00000000c0700000, 0x00000000c0700000| Untracked 
|   7|0x00000000c0700000, 0x00000000c0800000, 0x00000000c0800000|100%| O|  |TAMS 0x00000000c0800000, 0x00000000c0800000| Untracked 
|   8|0x00000000c0800000, 0x00000000c0900000, 0x00000000c0900000|100%| O|  |TAMS 0x00000000c0900000, 0x00000000c0900000| Untracked 
|   9|0x00000000c0900000, 0x00000000c0a00000, 0x00000000c0a00000|100%| O|  |TAMS 0x00000000c0a00000, 0x00000000c0a00000| Untracked 
|  10|0x00000000c0a00000, 0x00000000c0b00000, 0x00000000c0b00000|100%| O|  |TAMS 0x00000000c0b00000, 0x00000000c0b00000| Untracked 
|  11|0x00000000c0b00000, 0x00000000c0c00000, 0x00000000c0c00000|100%| O|  |TAMS 0x00000000c0c00000, 0x00000000c0c00000| Untracked 
|  12|0x00000000c0c00000, 0x00000000c0d00000, 0x00000000c0d00000|100%| O|  |TAMS 0x00000000c0d00000, 0x00000000c0d00000| Untracked 
|  13|0x00000000c0d00000, 0x00000000c0e00000, 0x00000000c0e00000|100%| O|  |TAMS 0x00000000c0e00000, 0x00000000c0e00000| Untracked 
|  14|0x00000000c0e00000, 0x00000000c0f00000, 0x00000000c0f00000|100%| O|  |TAMS 0x00000000c0f00000, 0x00000000c0f00000| Untracked 
|  15|0x00000000c0f00000, 0x00000000c0f00000, 0x00000000c1000000|  0%| F|  |TAMS 0x00000000c0f00000, 0x00000000c0f00000| Untracked 
|  16|0x00000000c1000000, 0x00000000c1100000, 0x00000000c1100000|100%| O|  |TAMS 0x00000000c1100000, 0x00000000c1100000| Untracked 
|  17|0x00000000c1100000, 0x00000000c1200000, 0x00000000c1200000|100%| O|  |TAMS 0x00000000c1200000, 0x00000000c1200000| Untracked 
|  18|0x00000000c1200000, 0x00000000c1300000, 0x00000000c1300000|100%| O|  |TAMS 0x00000000c1300000, 0x00000000c1300000| Untracked 
|  19|0x00000000c1300000, 0x00000000c1400000, 0x00000000c1400000|100%| O|  |TAMS 0x00000000c1400000, 0x00000000c1400000| Untracked 
|  20|0x00000000c1400000, 0x00000000c1500000, 0x00000000c1500000|100%| O|  |TAMS 0x00000000c1500000, 0x00000000c1500000| Untracked 
|  21|0x00000000c1500000, 0x00000000c1600000, 0x00000000c1600000|100%| O|  |TAMS 0x00000000c1600000, 0x00000000c1600000| Untracked 
|  22|0x00000000c1600000, 0x00000000c1700000, 0x00000000c1700000|100%| O|  |TAMS 0x00000000c1700000, 0x00000000c1700000| Untracked 
|  23|0x00000000c1700000, 0x00000000c1800000, 0x00000000c1800000|100%|HS|  |TAMS 0x00000000c1800000, 0x00000000c1800000| Complete 
|  24|0x00000000c1800000, 0x00000000c1900000, 0x00000000c1900000|100%| O|  |TAMS 0x00000000c1900000, 0x00000000c1900000| Untracked 
|  25|0x00000000c1900000, 0x00000000c1a00000, 0x00000000c1a00000|100%| O|  |TAMS 0x00000000c1a00000, 0x00000000c1a00000| Untracked 
|  26|0x00000000c1a00000, 0x00000000c1b00000, 0x00000000c1b00000|100%| O|  |TAMS 0x00000000c1b00000, 0x00000000c1b00000| Untracked 
|  27|0x00000000c1b00000, 0x00000000c1c00000, 0x00000000c1c00000|100%| O|  |TAMS 0x00000000c1c00000, 0x00000000c1c00000| Untracked 
|  28|0x00000000c1c00000, 0x00000000c1d00000, 0x00000000c1d00000|100%| O|  |TAMS 0x00000000c1d00000, 0x00000000c1d00000| Untracked 
|  29|0x00000000c1d00000, 0x00000000c1e00000, 0x00000000c1e00000|100%| O|  |TAMS 0x00000000c1e00000, 0x00000000c1e00000| Untracked 
|  30|0x00000000c1e00000, 0x00000000c1f00000, 0x00000000c1f00000|100%| O|  |TAMS 0x00000000c1f00000, 0x00000000c1f00000| Untracked 
|  31|0x00000000c1f00000, 0x00000000c2000000, 0x00000000c2000000|100%| O|  |TAMS 0x00000000c2000000, 0x00000000c2000000| Untracked 
|  32|0x00000000c2000000, 0x00000000c2100000, 0x00000000c2100000|100%| O|  |TAMS 0x00000000c2100000, 0x00000000c2100000| Untracked 
|  33|0x00000000c2100000, 0x00000000c2200000, 0x00000000c2200000|100%| O|  |TAMS 0x00000000c2200000, 0x00000000c2200000| Untracked 
|  34|0x00000000c2200000, 0x00000000c2300000, 0x00000000c2300000|100%| O|  |TAMS 0x00000000c2300000, 0x00000000c2300000| Untracked 
|  35|0x00000000c2300000, 0x00000000c2400000, 0x00000000c2400000|100%| O|  |TAMS 0x00000000c2400000, 0x00000000c2400000| Untracked 
|  36|0x00000000c2400000, 0x00000000c2500000, 0x00000000c2500000|100%| O|  |TAMS 0x00000000c2500000, 0x00000000c2500000| Untracked 
|  37|0x00000000c2500000, 0x00000000c2500000, 0x00000000c2600000|  0%| F|  |TAMS 0x00000000c2500000, 0x00000000c2500000| Untracked 
|  38|0x00000000c2600000, 0x00000000c2700000, 0x00000000c2700000|100%| O|  |TAMS 0x00000000c2600000, 0x00000000c2700000| Untracked 
|  39|0x00000000c2700000, 0x00000000c2800000, 0x00000000c2800000|100%| O|  |TAMS 0x00000000c2700000, 0x00000000c2800000| Untracked 
|  40|0x00000000c2800000, 0x00000000c28c9e00, 0x00000000c2900000| 78%| O|  |TAMS 0x00000000c2800000, 0x00000000c28c9e00| Untracked 
|  41|0x00000000c2900000, 0x00000000c2900000, 0x00000000c2a00000|  0%| F|  |TAMS 0x00000000c2900000, 0x00000000c2900000| Untracked 
|  42|0x00000000c2a00000, 0x00000000c2a00000, 0x00000000c2b00000|  0%| F|  |TAMS 0x00000000c2a00000, 0x00000000c2a00000| Untracked 
|  43|0x00000000c2b00000, 0x00000000c2b00000, 0x00000000c2c00000|  0%| F|  |TAMS 0x00000000c2b00000, 0x00000000c2b00000| Untracked 
|  44|0x00000000c2c00000, 0x00000000c2d00000, 0x00000000c2d00000|100%| O|  |TAMS 0x00000000c2d00000, 0x00000000c2d00000| Untracked 
|  45|0x00000000c2d00000, 0x00000000c2e00000, 0x00000000c2e00000|100%| O|  |TAMS 0x00000000c2e00000, 0x00000000c2e00000| Untracked 
|  46|0x00000000c2e00000, 0x00000000c2e00000, 0x00000000c2f00000|  0%| F|  |TAMS 0x00000000c2e00000, 0x00000000c2e00000| Untracked 
|  47|0x00000000c2f00000, 0x00000000c3000000, 0x00000000c3000000|100%| O|  |TAMS 0x00000000c3000000, 0x00000000c3000000| Untracked 
|  48|0x00000000c3000000, 0x00000000c3100000, 0x00000000c3100000|100%| O|  |TAMS 0x00000000c3100000, 0x00000000c3100000| Untracked 
|  49|0x00000000c3100000, 0x00000000c3200000, 0x00000000c3200000|100%| O|  |TAMS 0x00000000c3200000, 0x00000000c3200000| Untracked 
|  50|0x00000000c3200000, 0x00000000c3300000, 0x00000000c3300000|100%| O|  |TAMS 0x00000000c3300000, 0x00000000c3300000| Untracked 
|  51|0x00000000c3300000, 0x00000000c3400000, 0x00000000c3400000|100%| O|  |TAMS 0x00000000c3400000, 0x00000000c3400000| Untracked 
|  52|0x00000000c3400000, 0x00000000c3500000, 0x00000000c3500000|100%| O|  |TAMS 0x00000000c3500000, 0x00000000c3500000| Untracked 
|  53|0x00000000c3500000, 0x00000000c3600000, 0x00000000c3600000|100%| O|  |TAMS 0x00000000c35ad400, 0x00000000c3600000| Untracked 
|  54|0x00000000c3600000, 0x00000000c3600000, 0x00000000c3700000|  0%| F|  |TAMS 0x00000000c3600000, 0x00000000c3600000| Untracked 
|  55|0x00000000c3700000, 0x00000000c3700000, 0x00000000c3800000|  0%| F|  |TAMS 0x00000000c3700000, 0x00000000c3700000| Untracked 
|  56|0x00000000c3800000, 0x00000000c3800000, 0x00000000c3900000|  0%| F|  |TAMS 0x00000000c3800000, 0x00000000c3800000| Untracked 
|  57|0x00000000c3900000, 0x00000000c3900000, 0x00000000c3a00000|  0%| F|  |TAMS 0x00000000c3900000, 0x00000000c3900000| Untracked 
|  58|0x00000000c3a00000, 0x00000000c3a00000, 0x00000000c3b00000|  0%| F|  |TAMS 0x00000000c3a00000, 0x00000000c3a00000| Untracked 
|  59|0x00000000c3b00000, 0x00000000c3b00000, 0x00000000c3c00000|  0%| F|  |TAMS 0x00000000c3b00000, 0x00000000c3b00000| Untracked 
|  60|0x00000000c3c00000, 0x00000000c3c00000, 0x00000000c3d00000|  0%| F|  |TAMS 0x00000000c3c00000, 0x00000000c3c00000| Untracked 
|  61|0x00000000c3d00000, 0x00000000c3d00000, 0x00000000c3e00000|  0%| F|  |TAMS 0x00000000c3d00000, 0x00000000c3d00000| Untracked 
|  62|0x00000000c3e00000, 0x00000000c3e00000, 0x00000000c3f00000|  0%| F|  |TAMS 0x00000000c3e00000, 0x00000000c3e00000| Untracked 
|  63|0x00000000c3f00000, 0x00000000c3f00000, 0x00000000c4000000|  0%| F|  |TAMS 0x00000000c3f00000, 0x00000000c3f00000| Untracked 
|  64|0x00000000c4000000, 0x00000000c4000000, 0x00000000c4100000|  0%| F|  |TAMS 0x00000000c4000000, 0x00000000c4000000| Untracked 
|  65|0x00000000c4100000, 0x00000000c4100000, 0x00000000c4200000|  0%| F|  |TAMS 0x00000000c4100000, 0x00000000c4100000| Untracked 
|  66|0x00000000c4200000, 0x00000000c423e620, 0x00000000c4300000| 24%| S|CS|TAMS 0x00000000c4200000, 0x00000000c4200000| Complete 
|  67|0x00000000c4300000, 0x00000000c4400000, 0x00000000c4400000|100%| S|CS|TAMS 0x00000000c4300000, 0x00000000c4300000| Complete 
|  68|0x00000000c4400000, 0x00000000c4500000, 0x00000000c4500000|100%| S|CS|TAMS 0x00000000c4400000, 0x00000000c4400000| Complete 
|  69|0x00000000c4500000, 0x00000000c4600000, 0x00000000c4600000|100%| S|CS|TAMS 0x00000000c4500000, 0x00000000c4500000| Complete 
|  70|0x00000000c4600000, 0x00000000c4600000, 0x00000000c4700000|  0%| F|  |TAMS 0x00000000c4600000, 0x00000000c4600000| Untracked 
|  71|0x00000000c4700000, 0x00000000c4700000, 0x00000000c4800000|  0%| F|  |TAMS 0x00000000c4700000, 0x00000000c4700000| Untracked 
|  72|0x00000000c4800000, 0x00000000c4800000, 0x00000000c4900000|  0%| F|  |TAMS 0x00000000c4800000, 0x00000000c4800000| Untracked 
|  73|0x00000000c4900000, 0x00000000c4900000, 0x00000000c4a00000|  0%| F|  |TAMS 0x00000000c4900000, 0x00000000c4900000| Untracked 
|  74|0x00000000c4a00000, 0x00000000c4a00000, 0x00000000c4b00000|  0%| F|  |TAMS 0x00000000c4a00000, 0x00000000c4a00000| Untracked 
|  75|0x00000000c4b00000, 0x00000000c4b00000, 0x00000000c4c00000|  0%| F|  |TAMS 0x00000000c4b00000, 0x00000000c4b00000| Untracked 
|  76|0x00000000c4c00000, 0x00000000c4c00000, 0x00000000c4d00000|  0%| F|  |TAMS 0x00000000c4c00000, 0x00000000c4c00000| Untracked 
|  77|0x00000000c4d00000, 0x00000000c4d00000, 0x00000000c4e00000|  0%| F|  |TAMS 0x00000000c4d00000, 0x00000000c4d00000| Untracked 
|  78|0x00000000c4e00000, 0x00000000c4e00000, 0x00000000c4f00000|  0%| F|  |TAMS 0x00000000c4e00000, 0x00000000c4e00000| Untracked 
|  79|0x00000000c4f00000, 0x00000000c4f00000, 0x00000000c5000000|  0%| F|  |TAMS 0x00000000c4f00000, 0x00000000c4f00000| Untracked 
|  80|0x00000000c5000000, 0x00000000c5000000, 0x00000000c5100000|  0%| F|  |TAMS 0x00000000c5000000, 0x00000000c5000000| Untracked 
|  81|0x00000000c5100000, 0x00000000c5100000, 0x00000000c5200000|  0%| F|  |TAMS 0x00000000c5100000, 0x00000000c5100000| Untracked 
|  82|0x00000000c5200000, 0x00000000c5200000, 0x00000000c5300000|  0%| F|  |TAMS 0x00000000c5200000, 0x00000000c5200000| Untracked 
|  83|0x00000000c5300000, 0x00000000c5300000, 0x00000000c5400000|  0%| F|  |TAMS 0x00000000c5300000, 0x00000000c5300000| Untracked 
|  84|0x00000000c5400000, 0x00000000c5400000, 0x00000000c5500000|  0%| F|  |TAMS 0x00000000c5400000, 0x00000000c5400000| Untracked 
|  85|0x00000000c5500000, 0x00000000c5500000, 0x00000000c5600000|  0%| F|  |TAMS 0x00000000c5500000, 0x00000000c5500000| Untracked 
|  86|0x00000000c5600000, 0x00000000c5600000, 0x00000000c5700000|  0%| F|  |TAMS 0x00000000c5600000, 0x00000000c5600000| Untracked 
|  87|0x00000000c5700000, 0x00000000c5700000, 0x00000000c5800000|  0%| F|  |TAMS 0x00000000c5700000, 0x00000000c5700000| Untracked 
|  88|0x00000000c5800000, 0x00000000c5800000, 0x00000000c5900000|  0%| F|  |TAMS 0x00000000c5800000, 0x00000000c5800000| Untracked 
|  89|0x00000000c5900000, 0x00000000c5900000, 0x00000000c5a00000|  0%| F|  |TAMS 0x00000000c5900000, 0x00000000c5900000| Untracked 
|  90|0x00000000c5a00000, 0x00000000c5a00000, 0x00000000c5b00000|  0%| F|  |TAMS 0x00000000c5a00000, 0x00000000c5a00000| Untracked 
|  91|0x00000000c5b00000, 0x00000000c5b00000, 0x00000000c5c00000|  0%| F|  |TAMS 0x00000000c5b00000, 0x00000000c5b00000| Untracked 
|  92|0x00000000c5c00000, 0x00000000c5c00000, 0x00000000c5d00000|  0%| F|  |TAMS 0x00000000c5c00000, 0x00000000c5c00000| Untracked 
|  93|0x00000000c5d00000, 0x00000000c5d00000, 0x00000000c5e00000|  0%| F|  |TAMS 0x00000000c5d00000, 0x00000000c5d00000| Untracked 
|  94|0x00000000c5e00000, 0x00000000c5e00000, 0x00000000c5f00000|  0%| F|  |TAMS 0x00000000c5e00000, 0x00000000c5e00000| Untracked 
| 122|0x00000000c7a00000, 0x00000000c7a00000, 0x00000000c7b00000|  0%| F|  |TAMS 0x00000000c7a00000, 0x00000000c7a00000| Untracked 
| 123|0x00000000c7b00000, 0x00000000c7b00000, 0x00000000c7c00000|  0%| F|  |TAMS 0x00000000c7b00000, 0x00000000c7b00000| Untracked 

Card table byte_map: [0x0000011b98410000,0x0000011b98610000] _byte_map_base: 0x0000011b97e10000

Marking Bits (Prev, Next): (CMBitMap*) 0x0000011b9229a110, (CMBitMap*) 0x0000011b9229a0d0
 Prev Bits: [0x0000011b99810000, 0x0000011b9a810000)
 Next Bits: [0x0000011b98810000, 0x0000011b99810000)

Polling page: 0x0000011b90240000

Metaspace:

Usage:
  Non-class:     53.73 MB used.
      Class:      7.49 MB used.
       Both:     61.23 MB used.

Virtual space:
  Non-class space:       64.00 MB reserved,      53.94 MB ( 84%) committed,  1 nodes.
      Class space:        1.00 GB reserved,       7.69 MB ( <1%) committed,  1 nodes.
             Both:        1.06 GB reserved,      61.62 MB (  6%) committed. 

Chunk freelists:
   Non-Class:  9.39 MB
       Class:  8.26 MB
        Both:  17.65 MB

MaxMetaspaceSize: unlimited
CompressedClassSpaceSize: 1.00 GB
Initial GC threshold: 21.00 MB
Current GC threshold: 102.00 MB
CDS: off
MetaspaceReclaimPolicy: balanced
 - commit_granule_bytes: 65536.
 - commit_granule_words: 8192.
 - virtual_space_node_default_size: 8388608.
 - enlarge_chunks_in_place: 1.
 - new_chunks_are_fully_committed: 0.
 - uncommit_free_chunks: 1.
 - use_allocation_guard: 0.
 - handle_deallocations: 1.


Internal statistics:

num_allocs_failed_limit: 9.
num_arena_births: 678.
num_arena_deaths: 126.
num_vsnodes_births: 2.
num_vsnodes_deaths: 0.
num_space_committed: 985.
num_space_uncommitted: 0.
num_chunks_returned_to_freelist: 155.
num_chunks_taken_from_freelist: 2788.
num_chunk_merges: 48.
num_chunk_splits: 1873.
num_chunks_enlarged: 1399.
num_inconsistent_stats: 0.

CodeCache: size=49152Kb used=12383Kb max_used=12383Kb free=36768Kb
 bounds [0x0000011b94ee0000, 0x0000011b95b00000, 0x0000011b97ee0000]
 total_blobs=7372 nmethods=6691 adapters=608
 compilation: enabled
              stopped_count=0, restarted_count=0
 full_count=0

Compilation events (20 events):
Event: 64.833 Thread 0x0000011b9d62a4a0 6682       1       org.eclipse.jdt.core.dom.ASTVisitor::endVisit (1 bytes)
Event: 64.833 Thread 0x0000011b9d62a4a0 nmethod 6682 0x0000011b95af4090 code [0x0000011b95af4220, 0x0000011b95af42d8]
Event: 65.181 Thread 0x0000011b9d62a4a0 6683       1       org.springframework.ide.vscode.boot.java.reconcilers.AddConfigurationIfBeansPresentReconciler::isBeanMethod (65 bytes)
Event: 65.182 Thread 0x0000011b9d62a4a0 nmethod 6683 0x0000011b95af4390 code [0x0000011b95af45a0, 0x0000011b95af4ab8]
Event: 65.182 Thread 0x0000011b9d62a4a0 6684       1       org.eclipse.jdt.core.dom.FieldDeclaration::accept0 (63 bytes)
Event: 65.183 Thread 0x0000011b9d62a4a0 nmethod 6684 0x0000011b95af4e90 code [0x0000011b95af50c0, 0x0000011b95af54c8]
Event: 65.183 Thread 0x0000011b9d62a4a0 6685       1       org.springframework.ide.vscode.boot.java.reconcilers.NoRequestMappingAnnotationReconciler::getRequestMethods (63 bytes)
Event: 65.183 Thread 0x0000011b9d62a4a0 nmethod 6685 0x0000011b95af5790 code [0x0000011b95af59a0, 0x0000011b95af5c68]
Event: 65.547 Thread 0x0000011b9d62a4a0 6686   !   1       java.util.concurrent.ThreadPoolExecutor::getTask (177 bytes)
Event: 65.548 Thread 0x0000011b9d62a4a0 nmethod 6686 0x0000011b95af5f10 code [0x0000011b95af6100, 0x0000011b95af65b8]
Event: 66.494 Thread 0x0000011b9d62a4a0 6687       1       org.springframework.ide.vscode.boot.java.utils.SpringIndexerJava$$Lambda$1235/0x00000001007af018::test (8 bytes)
Event: 66.494 Thread 0x0000011b9d62a4a0 nmethod 6687 0x0000011b95af6810 code [0x0000011b95af69a0, 0x0000011b95af6ac8]
Event: 66.494 Thread 0x0000011b9d62a4a0 6688       1       org.springframework.ide.vscode.boot.java.utils.SpringIndexerJava::lambda$getClasspathEntries$29 (5 bytes)
Event: 66.494 Thread 0x0000011b9d62a4a0 nmethod 6688 0x0000011b95af6b90 code [0x0000011b95af6d60, 0x0000011b95af7008]
Event: 66.494 Thread 0x0000011b9d62a4a0 6689       1       org.springframework.ide.vscode.boot.java.utils.SpringIndexerJava$$Lambda$1236/0x00000001007af260::apply (8 bytes)
Event: 66.494 Thread 0x0000011b9d62a4a0 nmethod 6689 0x0000011b95af7210 code [0x0000011b95af73a0, 0x0000011b95af74c8]
Event: 66.494 Thread 0x0000011b9d62a4a0 6690       1       org.springframework.ide.vscode.boot.java.utils.SpringIndexerJava::lambda$getClasspathEntries$30 (5 bytes)
Event: 66.494 Thread 0x0000011b9d62a4a0 nmethod 6690 0x0000011b95af7590 code [0x0000011b95af7720, 0x0000011b95af77e8]
Event: 66.495 Thread 0x0000011b9d62a4a0 6691       1       org.springframework.ide.vscode.commons.java.IClasspathUtil$$Lambda$1238/0x00000001007af6b0::test (8 bytes)
Event: 66.495 Thread 0x0000011b9d62a4a0 nmethod 6691 0x0000011b95af7890 code [0x0000011b95af7a20, 0x0000011b95af7b68]

GC Heap History (20 events):
Event: 28.676 GC heap after
{Heap after GC invocations=12 (full 0):
 garbage-first heap   total 95232K, used 45716K [0x00000000c0000000, 0x0000000100000000)
  region size 1024K, 2 young (2048K), 2 survivors (2048K)
 Metaspace       used 54660K, committed 55232K, reserved 1114112K
  class space    used 6645K, committed 6912K, reserved 1048576K
}
Event: 29.918 GC heap before
{Heap before GC invocations=12 (full 0):
 garbage-first heap   total 95232K, used 66196K [0x00000000c0000000, 0x0000000100000000)
  region size 1024K, 24 young (24576K), 2 survivors (2048K)
 Metaspace       used 59589K, committed 60096K, reserved 1114112K
  class space    used 7244K, committed 7488K, reserved 1048576K
}
Event: 29.929 GC heap after
{Heap after GC invocations=13 (full 0):
 garbage-first heap   total 95232K, used 47565K [0x00000000c0000000, 0x0000000100000000)
  region size 1024K, 4 young (4096K), 4 survivors (4096K)
 Metaspace       used 59589K, committed 60096K, reserved 1114112K
  class space    used 7244K, committed 7488K, reserved 1048576K
}
Event: 35.181 GC heap before
{Heap before GC invocations=14 (full 0):
 garbage-first heap   total 95232K, used 72141K [0x00000000c0000000, 0x0000000100000000)
  region size 1024K, 28 young (28672K), 4 survivors (4096K)
 Metaspace       used 61940K, committed 62464K, reserved 1114112K
  class space    used 7553K, committed 7808K, reserved 1048576K
}
Event: 35.186 GC heap after
{Heap after GC invocations=15 (full 0):
 garbage-first heap   total 95232K, used 49115K [0x00000000c0000000, 0x0000000100000000)
  region size 1024K, 4 young (4096K), 4 survivors (4096K)
 Metaspace       used 61940K, committed 62464K, reserved 1114112K
  class space    used 7553K, committed 7808K, reserved 1048576K
}
Event: 35.190 GC heap before
{Heap before GC invocations=15 (full 0):
 garbage-first heap   total 95232K, used 50139K [0x00000000c0000000, 0x0000000100000000)
  region size 1024K, 5 young (5120K), 4 survivors (4096K)
 Metaspace       used 61940K, committed 62464K, reserved 1114112K
  class space    used 7553K, committed 7808K, reserved 1048576K
}
Event: 35.194 GC heap after
{Heap after GC invocations=16 (full 0):
 garbage-first heap   total 95232K, used 49359K [0x00000000c0000000, 0x0000000100000000)
  region size 1024K, 1 young (1024K), 1 survivors (1024K)
 Metaspace       used 61940K, committed 62464K, reserved 1114112K
  class space    used 7553K, committed 7808K, reserved 1048576K
}
Event: 36.952 GC heap before
{Heap before GC invocations=16 (full 0):
 garbage-first heap   total 95232K, used 68815K [0x00000000c0000000, 0x0000000100000000)
  region size 1024K, 22 young (22528K), 1 survivors (1024K)
 Metaspace       used 62145K, committed 62656K, reserved 1114112K
  class space    used 7581K, committed 7808K, reserved 1048576K
}
Event: 36.954 GC heap after
{Heap after GC invocations=17 (full 0):
 garbage-first heap   total 95232K, used 49007K [0x00000000c0000000, 0x0000000100000000)
  region size 1024K, 2 young (2048K), 2 survivors (2048K)
 Metaspace       used 62145K, committed 62656K, reserved 1114112K
  class space    used 7581K, committed 7808K, reserved 1048576K
}
Event: 39.758 GC heap before
{Heap before GC invocations=18 (full 0):
 garbage-first heap   total 95232K, used 73583K [0x00000000c0000000, 0x0000000100000000)
  region size 1024K, 26 young (26624K), 2 survivors (2048K)
 Metaspace       used 62149K, committed 62656K, reserved 1114112K
  class space    used 7584K, committed 7808K, reserved 1048576K
}
Event: 39.760 GC heap after
{Heap after GC invocations=19 (full 0):
 garbage-first heap   total 95232K, used 54253K [0x00000000c0000000, 0x0000000100000000)
  region size 1024K, 4 young (4096K), 4 survivors (4096K)
 Metaspace       used 62149K, committed 62656K, reserved 1114112K
  class space    used 7584K, committed 7808K, reserved 1048576K
}
Event: 39.768 GC heap before
{Heap before GC invocations=19 (full 0):
 garbage-first heap   total 95232K, used 55277K [0x00000000c0000000, 0x0000000100000000)
  region size 1024K, 5 young (5120K), 4 survivors (4096K)
 Metaspace       used 62149K, committed 62656K, reserved 1114112K
  class space    used 7584K, committed 7808K, reserved 1048576K
}
Event: 39.770 GC heap after
{Heap after GC invocations=20 (full 0):
 garbage-first heap   total 95232K, used 49686K [0x00000000c0000000, 0x0000000100000000)
  region size 1024K, 1 young (1024K), 1 survivors (1024K)
 Metaspace       used 62149K, committed 62656K, reserved 1114112K
  class space    used 7584K, committed 7808K, reserved 1048576K
}
Event: 61.017 GC heap before
{Heap before GC invocations=20 (full 0):
 garbage-first heap   total 95232K, used 72214K [0x00000000c0000000, 0x0000000100000000)
  region size 1024K, 23 young (23552K), 1 survivors (1024K)
 Metaspace       used 62218K, committed 62784K, reserved 1114112K
  class space    used 7599K, committed 7872K, reserved 1048576K
}
Event: 61.019 GC heap after
{Heap after GC invocations=21 (full 0):
 garbage-first heap   total 95232K, used 51232K [0x00000000c0000000, 0x0000000100000000)
  region size 1024K, 2 young (2048K), 2 survivors (2048K)
 Metaspace       used 62218K, committed 62784K, reserved 1114112K
  class space    used 7599K, committed 7872K, reserved 1048576K
}
Event: 62.702 GC heap before
{Heap before GC invocations=22 (full 0):
 garbage-first heap   total 99328K, used 73760K [0x00000000c0000000, 0x0000000100000000)
  region size 1024K, 24 young (24576K), 2 survivors (2048K)
 Metaspace       used 62411K, committed 62912K, reserved 1114112K
  class space    used 7617K, committed 7872K, reserved 1048576K
}
Event: 62.706 GC heap after
{Heap after GC invocations=23 (full 0):
 garbage-first heap   total 99328K, used 50632K [0x00000000c0000000, 0x0000000100000000)
  region size 1024K, 1 young (1024K), 1 survivors (1024K)
 Metaspace       used 62411K, committed 62912K, reserved 1114112K
  class space    used 7617K, committed 7872K, reserved 1048576K
}
Event: 62.711 GC heap before
{Heap before GC invocations=23 (full 0):
 garbage-first heap   total 99328K, used 53704K [0x00000000c0000000, 0x0000000100000000)
  region size 1024K, 4 young (4096K), 1 survivors (1024K)
 Metaspace       used 62411K, committed 62912K, reserved 1114112K
  class space    used 7617K, committed 7872K, reserved 1048576K
}
Event: 62.716 GC heap after
{Heap after GC invocations=24 (full 0):
 garbage-first heap   total 99328K, used 49073K [0x00000000c0000000, 0x0000000100000000)
  region size 1024K, 1 young (1024K), 1 survivors (1024K)
 Metaspace       used 62411K, committed 62912K, reserved 1114112K
  class space    used 7617K, committed 7872K, reserved 1048576K
}
Event: 66.534 GC heap before
{Heap before GC invocations=24 (full 0):
 garbage-first heap   total 99328K, used 75697K [0x00000000c0000000, 0x0000000100000000)
  region size 1024K, 27 young (27648K), 1 survivors (1024K)
 Metaspace       used 62695K, committed 63104K, reserved 1114112K
  class space    used 7672K, committed 7872K, reserved 1048576K
}

Dll operation events (10 events):
Event: 0.012 Loaded shared library c:\Users\Bunty\.vscode\extensions\redhat.java-1.33.0-win32-x64\jre\17.0.11-win32-x86_64\bin\java.dll
Event: 0.500 Loaded shared library C:\Users\Bunty\.vscode\extensions\redhat.java-1.33.0-win32-x64\jre\17.0.11-win32-x86_64\bin\net.dll
Event: 0.518 Loaded shared library C:\Users\Bunty\.vscode\extensions\redhat.java-1.33.0-win32-x64\jre\17.0.11-win32-x86_64\bin\nio.dll
Event: 0.530 Loaded shared library C:\Users\Bunty\.vscode\extensions\redhat.java-1.33.0-win32-x64\jre\17.0.11-win32-x86_64\bin\zip.dll
Event: 0.929 Loaded shared library C:\Users\Bunty\.vscode\extensions\redhat.java-1.33.0-win32-x64\jre\17.0.11-win32-x86_64\bin\jimage.dll
Event: 2.711 Loaded shared library c:\Users\Bunty\.vscode\extensions\redhat.java-1.33.0-win32-x64\jre\17.0.11-win32-x86_64\bin\verify.dll
Event: 5.565 Loaded shared library C:\Users\Bunty\.vscode\extensions\redhat.java-1.33.0-win32-x64\jre\17.0.11-win32-x86_64\bin\management.dll
Event: 5.572 Loaded shared library C:\Users\Bunty\.vscode\extensions\redhat.java-1.33.0-win32-x64\jre\17.0.11-win32-x86_64\bin\management_ext.dll
Event: 27.407 Loaded shared library C:\Users\Bunty\.vscode\extensions\redhat.java-1.33.0-win32-x64\jre\17.0.11-win32-x86_64\bin\sunmscapi.dll
Event: 28.472 Loaded shared library C:\Users\Bunty\.vscode\extensions\redhat.java-1.33.0-win32-x64\jre\17.0.11-win32-x86_64\bin\extnet.dll

Deoptimization events (20 events):
Event: 30.139 Thread 0x0000011b9d73f8f0 DEOPT PACKING pc=0x0000011b954acf24 sp=0x0000000d5ecfebc0
Event: 30.139 Thread 0x0000011b9d73f8f0 DEOPT UNPACKING pc=0x0000011b94f3ace3 sp=0x0000000d5ecfe0a8 mode 0
Event: 30.139 Thread 0x0000011ba367cd80 DEOPT PACKING pc=0x0000011b954acf24 sp=0x0000000d5f8fec60
Event: 30.139 Thread 0x0000011b9d73f8f0 DEOPT PACKING pc=0x0000011b954acf24 sp=0x0000000d5ecff150
Event: 30.139 Thread 0x0000011b9d73f8f0 DEOPT UNPACKING pc=0x0000011b94f3ace3 sp=0x0000000d5ecfe638 mode 0
Event: 30.139 Thread 0x0000011ba367cd80 DEOPT UNPACKING pc=0x0000011b94f3ace3 sp=0x0000000d5f8fe148 mode 0
Event: 30.139 Thread 0x0000011ba367cd80 DEOPT PACKING pc=0x0000011b954acf24 sp=0x0000000d5f8ff1f0
Event: 30.139 Thread 0x0000011ba367cd80 DEOPT UNPACKING pc=0x0000011b94f3ace3 sp=0x0000000d5f8fe6d8 mode 0
Event: 61.117 Thread 0x0000011b9d73e9c0 DEOPT PACKING pc=0x0000011b9568450c sp=0x0000000d5e9fe540
Event: 61.117 Thread 0x0000011b9d73e9c0 DEOPT UNPACKING pc=0x0000011b94f3ace3 sp=0x0000000d5e9fdaa8 mode 0
Event: 61.118 Thread 0x0000011b9d73e9c0 DEOPT PACKING pc=0x0000011b9569644c sp=0x0000000d5e9fe670
Event: 61.118 Thread 0x0000011b9d73e9c0 DEOPT UNPACKING pc=0x0000011b94f3ace3 sp=0x0000000d5e9fdb50 mode 0
Event: 61.118 Thread 0x0000011b9d73e9c0 DEOPT PACKING pc=0x0000011b9568450c sp=0x0000000d5e9fe7a0
Event: 61.118 Thread 0x0000011b9d73e9c0 DEOPT UNPACKING pc=0x0000011b94f3ace3 sp=0x0000000d5e9fdd08 mode 0
Event: 61.118 Thread 0x0000011b9d73e9c0 DEOPT PACKING pc=0x0000011b9569644c sp=0x0000000d5e9fe8d0
Event: 61.118 Thread 0x0000011b9d73e9c0 DEOPT UNPACKING pc=0x0000011b94f3ace3 sp=0x0000000d5e9fddc8 mode 0
Event: 61.120 Thread 0x0000011b9d73e9c0 DEOPT PACKING pc=0x0000011b9568450c sp=0x0000000d5e9fec40
Event: 61.120 Thread 0x0000011b9d73e9c0 DEOPT UNPACKING pc=0x0000011b94f3ace3 sp=0x0000000d5e9fe1a8 mode 0
Event: 61.120 Thread 0x0000011b9d73e9c0 DEOPT PACKING pc=0x0000011b9569644c sp=0x0000000d5e9fed70
Event: 61.120 Thread 0x0000011b9d73e9c0 DEOPT UNPACKING pc=0x0000011b94f3ace3 sp=0x0000000d5e9fe268 mode 0

Classes unloaded (20 events):
Event: 61.036 Thread 0x0000011b9d49bf50 Unloading class 0x00000001003acc00 'java/lang/invoke/LambdaForm$DMH+0x00000001003acc00'
Event: 61.036 Thread 0x0000011b9d49bf50 Unloading class 0x00000001003ac400 'java/lang/invoke/LambdaForm$DMH+0x00000001003ac400'
Event: 61.036 Thread 0x0000011b9d49bf50 Unloading class 0x00000001003ab400 'java/lang/invoke/LambdaForm$MH+0x00000001003ab400'
Event: 61.036 Thread 0x0000011b9d49bf50 Unloading class 0x00000001003aa000 'java/lang/invoke/LambdaForm$MH+0x00000001003aa000'
Event: 61.036 Thread 0x0000011b9d49bf50 Unloading class 0x00000001003a9c00 'java/lang/invoke/LambdaForm$MH+0x00000001003a9c00'
Event: 61.036 Thread 0x0000011b9d49bf50 Unloading class 0x00000001003a9800 'java/lang/invoke/LambdaForm$MH+0x00000001003a9800'
Event: 61.036 Thread 0x0000011b9d49bf50 Unloading class 0x00000001003a9400 'java/lang/invoke/LambdaForm$MH+0x00000001003a9400'
Event: 61.036 Thread 0x0000011b9d49bf50 Unloading class 0x00000001003a8000 'java/lang/invoke/LambdaForm$DMH+0x00000001003a8000'
Event: 61.036 Thread 0x0000011b9d49bf50 Unloading class 0x0000000100324400 'java/lang/invoke/LambdaForm$DMH+0x0000000100324400'
Event: 61.036 Thread 0x0000011b9d49bf50 Unloading class 0x0000000100268c00 'java/lang/invoke/LambdaForm$MH+0x0000000100268c00'
Event: 61.036 Thread 0x0000011b9d49bf50 Unloading class 0x0000000100268000 'java/lang/invoke/LambdaForm$MH+0x0000000100268000'
Event: 61.036 Thread 0x0000011b9d49bf50 Unloading class 0x0000000100258400 'java/lang/invoke/LambdaForm$DMH+0x0000000100258400'
Event: 61.036 Thread 0x0000011b9d49bf50 Unloading class 0x000000010008ac00 'java/lang/invoke/LambdaForm$MH+0x000000010008ac00'
Event: 61.036 Thread 0x0000011b9d49bf50 Unloading class 0x000000010008a400 'java/lang/invoke/LambdaForm$MH+0x000000010008a400'
Event: 61.036 Thread 0x0000011b9d49bf50 Unloading class 0x000000010008a000 'java/lang/invoke/LambdaForm$MH+0x000000010008a000'
Event: 61.036 Thread 0x0000011b9d49bf50 Unloading class 0x0000000100089c00 'java/lang/invoke/LambdaForm$MH+0x0000000100089c00'
Event: 61.036 Thread 0x0000011b9d49bf50 Unloading class 0x0000000100089800 'java/lang/invoke/LambdaForm$MH+0x0000000100089800'
Event: 61.036 Thread 0x0000011b9d49bf50 Unloading class 0x0000000100089400 'java/lang/invoke/LambdaForm$MH+0x0000000100089400'
Event: 61.036 Thread 0x0000011b9d49bf50 Unloading class 0x0000000100088c00 'java/lang/invoke/LambdaForm$MH+0x0000000100088c00'
Event: 61.036 Thread 0x0000011b9d49bf50 Unloading class 0x0000000100088400 'java/lang/invoke/LambdaForm$MH+0x0000000100088400'

Classes redefined (0 events):
No events

Internal exceptions (20 events):
Event: 26.271 Thread 0x0000011b9d73e9c0 Exception <a 'sun/nio/fs/WindowsException'{0x00000000c4730608}> (0x00000000c4730608) 
thrown [s\src\hotspot\share\prims\jni.cpp, line 516]
Event: 26.271 Thread 0x0000011b9d73e9c0 Exception <a 'sun/nio/fs/WindowsException'{0x00000000c4730fd8}> (0x00000000c4730fd8) 
thrown [s\src\hotspot\share\prims\jni.cpp, line 516]
Event: 26.271 Thread 0x0000011b9d73e9c0 Exception <a 'sun/nio/fs/WindowsException'{0x00000000c4731a18}> (0x00000000c4731a18) 
thrown [s\src\hotspot\share\prims\jni.cpp, line 516]
Event: 26.488 Thread 0x0000011b9d73dfa0 Exception <a 'java/lang/NoSuchMethodError'{0x00000000c45ff508}: 'java.lang.Object java.lang.invoke.DirectMethodHandle$Holder.newInvokeSpecial(java.lang.Object, java.lang.Object, java.lang.Object, java.lang.Object, java.lang.Object, long)'> (0x00000000c45ff508) 
thrown [s\src\hotspot\share\interpreter\linkResolver.cpp, line 759]
Event: 26.491 Thread 0x0000011b9d73dfa0 Exception <a 'java/lang/NoSuchMethodError'{0x00000000c442e428}: 'java.lang.Object java.lang.invoke.DirectMethodHandle$Holder.invokeSpecial(java.lang.Object, java.lang.Object, java.lang.Object, java.lang.Object, java.lang.Object, java.lang.Object, long)'> (0x00000000c442e428) 
thrown [s\src\hotspot\share\interpreter\linkResolver.cpp, line 759]
Event: 26.586 Thread 0x0000011ba367be50 Exception <a 'java/lang/NoSuchMethodError'{0x00000000c43c6698}: 'void java.lang.invoke.DirectMethodHandle$Holder.invokeVirtual(java.lang.Object, java.lang.Object, java.lang.Object, java.lang.Object)'> (0x00000000c43c6698) 
thrown [s\src\hotspot\share\interpreter\linkResolver.cpp, line 759]
Event: 27.085 Thread 0x0000011ba367be50 Exception <a 'java/lang/NoSuchMethodError'{0x00000000c7a71710}: 'java.lang.Object java.lang.invoke.DirectMethodHandle$Holder.invokeStatic(java.lang.Object, java.lang.Object, int, java.lang.Object)'> (0x00000000c7a71710) 
thrown [s\src\hotspot\share\interpreter\linkResolver.cpp, line 759]
Event: 27.086 Thread 0x0000011ba367be50 Exception <a 'java/lang/NoSuchMethodError'{0x00000000c7a77af0}: 'java.lang.Object java.lang.invoke.DirectMethodHandle$Holder.newInvokeSpecial(java.lang.Object, java.lang.Object, int)'> (0x00000000c7a77af0) 
thrown [s\src\hotspot\share\interpreter\linkResolver.cpp, line 759]
Event: 27.105 Thread 0x0000011ba367b430 Exception <a 'java/lang/NoSuchMethodError'{0x00000000c7aee7b0}: 'java.lang.Object java.lang.invoke.Invokers$Holder.invoke_MT(java.lang.Object, java.lang.Object, java.lang.Object)'> (0x00000000c7aee7b0) 
thrown [s\src\hotspot\share\interpreter\linkResolver.cpp, line 759]
Event: 27.673 Thread 0x0000011ba367be50 Exception <a 'sun/nio/fs/WindowsException'{0x00000000c42a3958}> (0x00000000c42a3958) 
thrown [s\src\hotspot\share\prims\jni.cpp, line 516]
Event: 28.395 Thread 0x0000011ba367b430 Exception <a 'java/lang/IncompatibleClassChangeError'{0x00000000c53173f8}: Found class java.lang.Object, but interface was expected> (0x00000000c53173f8) 
thrown [s\src\hotspot\share\interpreter\linkResolver.cpp, line 826]
Event: 28.624 Thread 0x0000011ba367b430 Exception <a 'java/lang/NoSuchMethodError'{0x00000000c4412a88}: 'int java.lang.invoke.DirectMethodHandle$Holder.invokeSpecialIFC(java.lang.Object, java.lang.Object, java.lang.Object)'> (0x00000000c4412a88) 
thrown [s\src\hotspot\share\interpreter\linkResolver.cpp, line 759]
Event: 29.029 Thread 0x0000011ba367b430 Exception <a 'java/lang/NoSuchMethodError'{0x00000000c5784910}: 'int java.lang.invoke.DirectMethodHandle$Holder.invokeStatic(java.lang.Object, int, java.lang.Object)'> (0x00000000c5784910) 
thrown [s\src\hotspot\share\interpreter\linkResolver.cpp, line 759]
Event: 29.841 Thread 0x0000011ba367cd80 Exception <a 'java/lang/NoSuchMethodError'{0x00000000c471d9a0}: 'java.lang.Object java.lang.invoke.DirectMethodHandle$Holder.invokeStaticInit(java.lang.Object, java.lang.Object, java.lang.Object, java.lang.Object)'> (0x00000000c471d9a0) 
thrown [s\src\hotspot\share\interpreter\linkResolver.cpp, line 759]
Event: 29.851 Thread 0x0000011ba367cd80 Exception <a 'java/lang/IncompatibleClassChangeError'{0x00000000c4739240}: Found class java.lang.Object, but interface was expected> (0x00000000c4739240) 
thrown [s\src\hotspot\share\interpreter\linkResolver.cpp, line 826]
Event: 29.855 Thread 0x0000011ba367cd80 Exception <a 'java/lang/IncompatibleClassChangeError'{0x00000000c47547a8}: Found class java.lang.Object, but interface was expected> (0x00000000c47547a8) 
thrown [s\src\hotspot\share\interpreter\linkResolver.cpp, line 826]
Event: 29.871 Thread 0x0000011ba367cd80 Exception <a 'java/lang/IncompatibleClassChangeError'{0x00000000c47a8650}: Found class java.lang.Object, but interface was expected> (0x00000000c47a8650) 
thrown [s\src\hotspot\share\interpreter\linkResolver.cpp, line 826]
Event: 31.778 Thread 0x0000011b9d73eed0 Exception <a 'java/lang/NoSuchMethodError'{0x00000000c4ab8ce8}: 'void java.lang.invoke.DirectMethodHandle$Holder.invokeStatic(java.lang.Object, java.lang.Object, java.lang.Object, java.lang.Object, java.lang.Object, java.lang.Object, java.lang.Object)'> (0x00000000c4ab8ce8) 
thrown [s\src\hotspot\share\interpreter\linkResolver.cpp, line 759]
Event: 35.652 Thread 0x0000011ba367cd80 NullPointerException in IC check 0x0000011b955d5140
Event: 35.653 Thread 0x0000011ba367cd80 Exception <a 'java/lang/NullPointerException'{0x00000000c4807518}> (0x00000000c4807518) 
thrown [s\src\hotspot\share\runtime\sharedRuntime.cpp, line 631]

VM Operations (20 events):
Event: 61.056 Executing VM operation: G1PauseCleanup done
Event: 61.117 Executing VM operation: HandshakeAllThreads
Event: 61.117 Executing VM operation: HandshakeAllThreads done
Event: 62.117 Executing VM operation: Cleanup
Event: 62.118 Executing VM operation: Cleanup done
Event: 62.702 Executing VM operation: G1CollectForAllocation
Event: 62.706 Executing VM operation: G1CollectForAllocation done
Event: 62.710 Executing VM operation: G1CollectForAllocation
Event: 62.716 Executing VM operation: G1CollectForAllocation done
Event: 63.129 Executing VM operation: HandshakeAllThreads
Event: 63.129 Executing VM operation: HandshakeAllThreads done
Event: 63.157 Executing VM operation: HandshakeAllThreads
Event: 63.157 Executing VM operation: HandshakeAllThreads done
Event: 63.396 Executing VM operation: HandshakeAllThreads
Event: 63.396 Executing VM operation: HandshakeAllThreads done
Event: 64.396 Executing VM operation: Cleanup
Event: 64.396 Executing VM operation: Cleanup done
Event: 66.397 Executing VM operation: Cleanup
Event: 66.397 Executing VM operation: Cleanup done
Event: 66.534 Executing VM operation: G1CollectForAllocation

Events (20 events):
Event: 61.053 loading class sun/nio/cs/ThreadLocalCoders$Cache done
Event: 61.053 loading class sun/nio/cs/ThreadLocalCoders$1 done
Event: 61.053 loading class sun/nio/cs/ThreadLocalCoders$2
Event: 61.053 loading class sun/nio/cs/ThreadLocalCoders$2 done
Event: 61.084 loading class java/util/Hashtable$ValueCollection
Event: 61.084 loading class java/util/Hashtable$ValueCollection done
Event: 61.120 loading class java/io/FileOutputStream$1
Event: 61.120 loading class java/io/FileOutputStream$1 done
Event: 61.966 Thread 0x0000011ba4227dc0 Thread added: 0x0000011ba4227dc0
Event: 63.026 loading class java/util/stream/ReferencePipeline$4
Event: 63.027 loading class java/util/stream/ReferencePipeline$4 done
Event: 63.027 loading class java/util/stream/Nodes$IntFixedNodeBuilder
Event: 63.027 loading class java/util/stream/Node$Builder$OfInt
Event: 63.028 loading class java/util/stream/Node$Builder$OfInt done
Event: 63.028 loading class java/util/stream/Nodes$IntArrayNode
Event: 63.028 loading class java/util/stream/Nodes$IntArrayNode done
Event: 63.028 loading class java/util/stream/Nodes$IntFixedNodeBuilder done
Event: 63.028 loading class java/util/stream/ReferencePipeline$4$1
Event: 63.028 loading class java/util/stream/ReferencePipeline$4$1 done
Event: 63.082 Thread 0x0000011ba422cec0 Thread added: 0x0000011ba422cec0


Dynamic libraries:
0x00007ff6fc1d0000 - 0x00007ff6fc1de000 	c:\Users\Bunty\.vscode\extensions\redhat.java-1.33.0-win32-x64\jre\17.0.11-win32-x86_64\bin\java.exe
0x00007ffe805b0000 - 0x00007ffe807c7000 	C:\WINDOWS\SYSTEM32\ntdll.dll
0x00007ffe7f7a0000 - 0x00007ffe7f864000 	C:\WINDOWS\System32\KERNEL32.DLL
0x00007ffe7dc80000 - 0x00007ffe7e02d000 	C:\WINDOWS\System32\KERNELBASE.dll
0x00007ffe7dae0000 - 0x00007ffe7dbf1000 	C:\WINDOWS\System32\ucrtbase.dll
0x00007ffe6d300000 - 0x00007ffe6d317000 	c:\Users\Bunty\.vscode\extensions\redhat.java-1.33.0-win32-x64\jre\17.0.11-win32-x86_64\bin\jli.dll
0x00007ffe7e400000 - 0x00007ffe7e5ae000 	C:\WINDOWS\System32\USER32.dll
0x00007ffe7e030000 - 0x00007ffe7e056000 	C:\WINDOWS\System32\win32u.dll
0x00007ffe7f5e0000 - 0x00007ffe7f609000 	C:\WINDOWS\System32\GDI32.dll
0x00007ffe7e1c0000 - 0x00007ffe7e2d9000 	C:\WINDOWS\System32\gdi32full.dll
0x00007ffe7d8d0000 - 0x00007ffe7d96a000 	C:\WINDOWS\System32\msvcp_win.dll
0x00007ffe7cc40000 - 0x00007ffe7ced3000 	C:\WINDOWS\WinSxS\amd64_microsoft.windows.common-controls_6595b64144ccf1df_6.0.22621.3672_none_2713b9d173822955\COMCTL32.dll
0x00007ffe7f6d0000 - 0x00007ffe7f777000 	C:\WINDOWS\System32\msvcrt.dll
0x00007ffe63290000 - 0x00007ffe632ab000 	c:\Users\Bunty\.vscode\extensions\redhat.java-1.33.0-win32-x64\jre\17.0.11-win32-x86_64\bin\VCRUNTIME140.dll
0x00007ffe7e690000 - 0x00007ffe7e6c1000 	C:\WINDOWS\System32\IMM32.DLL
0x00007ffe71de0000 - 0x00007ffe71dec000 	c:\Users\Bunty\.vscode\extensions\redhat.java-1.33.0-win32-x64\jre\17.0.11-win32-x86_64\bin\vcruntime140_1.dll
0x00007ffe33e40000 - 0x00007ffe33ecd000 	c:\Users\Bunty\.vscode\extensions\redhat.java-1.33.0-win32-x64\jre\17.0.11-win32-x86_64\bin\msvcp140.dll
0x00007ffe0a8a0000 - 0x00007ffe0b502000 	c:\Users\Bunty\.vscode\extensions\redhat.java-1.33.0-win32-x64\jre\17.0.11-win32-x86_64\bin\server\jvm.dll
0x00007ffe7f1b0000 - 0x00007ffe7f262000 	C:\WINDOWS\System32\ADVAPI32.dll
0x00007ffe7f530000 - 0x00007ffe7f5d9000 	C:\WINDOWS\System32\sechost.dll
0x00007ffe7e120000 - 0x00007ffe7e148000 	C:\WINDOWS\System32\bcrypt.dll
0x00007ffe7f040000 - 0x00007ffe7f154000 	C:\WINDOWS\System32\RPCRT4.dll
0x00007ffe7d410000 - 0x00007ffe7d45d000 	C:\WINDOWS\SYSTEM32\POWRPROF.dll
0x00007ffe75440000 - 0x00007ffe75449000 	C:\WINDOWS\SYSTEM32\WSOCK32.dll
0x00007ffe804f0000 - 0x00007ffe80561000 	C:\WINDOWS\System32\WS2_32.dll
0x00007ffe747d0000 - 0x00007ffe74804000 	C:\WINDOWS\SYSTEM32\WINMM.dll
0x00007ffe74210000 - 0x00007ffe7421a000 	C:\WINDOWS\SYSTEM32\VERSION.dll
0x00007ffe7d080000 - 0x00007ffe7d093000 	C:\WINDOWS\SYSTEM32\UMPDC.dll
0x00007ffe7c290000 - 0x00007ffe7c2a8000 	C:\WINDOWS\SYSTEM32\kernel.appcore.dll
0x00007ffe71ac0000 - 0x00007ffe71aca000 	c:\Users\Bunty\.vscode\extensions\redhat.java-1.33.0-win32-x64\jre\17.0.11-win32-x86_64\bin\jimage.dll
0x00007ffe7d1d0000 - 0x00007ffe7d402000 	C:\WINDOWS\SYSTEM32\DBGHELP.DLL
0x00007ffe7e830000 - 0x00007ffe7ebbd000 	C:\WINDOWS\System32\combase.dll
0x00007ffe7e5b0000 - 0x00007ffe7e687000 	C:\WINDOWS\System32\OLEAUT32.dll
0x00007ffe7d0c0000 - 0x00007ffe7d0f2000 	C:\WINDOWS\SYSTEM32\dbgcore.DLL
0x00007ffe7dc00000 - 0x00007ffe7dc7b000 	C:\WINDOWS\System32\bcryptPrimitives.dll
0x00007ffe4ead0000 - 0x00007ffe4eaf5000 	c:\Users\Bunty\.vscode\extensions\redhat.java-1.33.0-win32-x64\jre\17.0.11-win32-x86_64\bin\java.dll
0x00007ffe5c1c0000 - 0x00007ffe5c1d8000 	c:\Users\Bunty\.vscode\extensions\redhat.java-1.33.0-win32-x64\jre\17.0.11-win32-x86_64\bin\zip.dll
0x00007ffe7fc80000 - 0x00007ffe804e7000 	C:\WINDOWS\System32\SHELL32.dll
0x00007ffe7b140000 - 0x00007ffe7ba3e000 	C:\WINDOWS\SYSTEM32\windows.storage.dll
0x00007ffe7b000000 - 0x00007ffe7b13f000 	C:\WINDOWS\SYSTEM32\wintypes.dll
0x00007ffe7e2e0000 - 0x00007ffe7e3d9000 	C:\WINDOWS\System32\SHCORE.dll
0x00007ffe7fb20000 - 0x00007ffe7fb7e000 	C:\WINDOWS\System32\shlwapi.dll
0x00007ffe7d800000 - 0x00007ffe7d821000 	C:\WINDOWS\SYSTEM32\profapi.dll
0x00007ffe56a30000 - 0x00007ffe56a49000 	C:\Users\Bunty\.vscode\extensions\redhat.java-1.33.0-win32-x64\jre\17.0.11-win32-x86_64\bin\net.dll
0x00007ffe768c0000 - 0x00007ffe769f6000 	C:\WINDOWS\SYSTEM32\WINHTTP.dll
0x00007ffe7c6c0000 - 0x00007ffe7c729000 	C:\WINDOWS\system32\mswsock.dll
0x00007ffe54d30000 - 0x00007ffe54d46000 	C:\Users\Bunty\.vscode\extensions\redhat.java-1.33.0-win32-x64\jre\17.0.11-win32-x86_64\bin\nio.dll
0x00007ffe6fdf0000 - 0x00007ffe6fe00000 	c:\Users\Bunty\.vscode\extensions\redhat.java-1.33.0-win32-x64\jre\17.0.11-win32-x86_64\bin\verify.dll
0x00007ffe7d560000 - 0x00007ffe7d57b000 	C:\WINDOWS\SYSTEM32\CRYPTSP.dll
0x00007ffe7c1f0000 - 0x00007ffe7c225000 	C:\WINDOWS\system32\rsaenh.dll
0x00007ffe7c920000 - 0x00007ffe7c948000 	C:\WINDOWS\SYSTEM32\USERENV.dll
0x00007ffe7c950000 - 0x00007ffe7c95c000 	C:\WINDOWS\SYSTEM32\CRYPTBASE.dll
0x00007ffe7bd50000 - 0x00007ffe7bd7d000 	C:\WINDOWS\SYSTEM32\IPHLPAPI.DLL
0x00007ffe7f610000 - 0x00007ffe7f619000 	C:\WINDOWS\System32\NSI.dll
0x00007ffe74060000 - 0x00007ffe74079000 	C:\WINDOWS\SYSTEM32\dhcpcsvc6.DLL
0x00007ffe73fa0000 - 0x00007ffe73fbf000 	C:\WINDOWS\SYSTEM32\dhcpcsvc.DLL
0x00007ffe7bd80000 - 0x00007ffe7be78000 	C:\WINDOWS\SYSTEM32\DNSAPI.dll
0x00007ffe49610000 - 0x00007ffe49619000 	C:\Users\Bunty\.vscode\extensions\redhat.java-1.33.0-win32-x64\jre\17.0.11-win32-x86_64\bin\management.dll
0x00007ffe48d00000 - 0x00007ffe48d0b000 	C:\Users\Bunty\.vscode\extensions\redhat.java-1.33.0-win32-x64\jre\17.0.11-win32-x86_64\bin\management_ext.dll
0x00007ffe7fc00000 - 0x00007ffe7fc08000 	C:\WINDOWS\System32\PSAPI.DLL
0x00007ffe77a20000 - 0x00007ffe77a2e000 	C:\Users\Bunty\.vscode\extensions\redhat.java-1.33.0-win32-x64\jre\17.0.11-win32-x86_64\bin\sunmscapi.dll
0x00007ffe7d970000 - 0x00007ffe7dad7000 	C:\WINDOWS\System32\CRYPT32.dll
0x00007ffe7cae0000 - 0x00007ffe7cb0e000 	C:\WINDOWS\SYSTEM32\ncrypt.dll
0x00007ffe7caa0000 - 0x00007ffe7cad7000 	C:\WINDOWS\SYSTEM32\NTASN1.dll
0x00007ffe76650000 - 0x00007ffe7665a000 	C:\Windows\System32\rasadhlp.dll
0x00007ffe73260000 - 0x00007ffe732e3000 	C:\WINDOWS\System32\fwpuclnt.dll
0x00007ffe6fdc0000 - 0x00007ffe6fdc9000 	C:\Users\Bunty\.vscode\extensions\redhat.java-1.33.0-win32-x64\jre\17.0.11-win32-x86_64\bin\extnet.dll

dbghelp: loaded successfully - version: 4.0.5 - missing functions: none
symbol engine: initialized successfully - sym options: 0x614 - pdb path: .;c:\Users\Bunty\.vscode\extensions\redhat.java-1.33.0-win32-x64\jre\17.0.11-win32-x86_64\bin;C:\WINDOWS\SYSTEM32;C:\WINDOWS\WinSxS\amd64_microsoft.windows.common-controls_6595b64144ccf1df_6.0.22621.3672_none_2713b9d173822955;c:\Users\Bunty\.vscode\extensions\redhat.java-1.33.0-win32-x64\jre\17.0.11-win32-x86_64\bin\server

VM Arguments:
jvm_args: -Xmx1024m -Dsts.lsp.client=vscode -Dsts.log.file=/dev/null -XX:TieredStopAtLevel=1 -Xlog:jni+resolve=off -Dspring.config.location=file:c:\Users\Bunty\.vscode\extensions\vmware.vscode-spring-boot-1.56.0\language-server\BOOT-INF\classes\application.properties 
java_command: org.springframework.ide.vscode.boot.app.BootLanguageServerBootApp
java_class_path (initial): c:\Users\Bunty\.vscode\extensions\vmware.vscode-spring-boot-1.56.0\language-server\BOOT-INF\classes;c:\Users\Bunty\.vscode\extensions\vmware.vscode-spring-boot-1.56.0\language-server\BOOT-INF\lib\annotations-24.1.0.jar;c:\Users\Bunty\.vscode\extensions\vmware.vscode-spring-boot-1.56.0\language-server\BOOT-INF\lib\antlr4-runtime-4.13.1.jar;c:\Users\Bunty\.vscode\extensions\vmware.vscode-spring-boot-1.56.0\language-server\BOOT-INF\lib\asm-9.7.jar;c:\Users\Bunty\.vscode\extensions\vmware.vscode-spring-boot-1.56.0\language-server\BOOT-INF\lib\asm-analysis-9.7.jar;c:\Users\Bunty\.vscode\extensions\vmware.vscode-spring-boot-1.56.0\language-server\BOOT-INF\lib\asm-tree-9.7.jar;c:\Users\Bunty\.vscode\extensions\vmware.vscode-spring-boot-1.56.0\language-server\BOOT-INF\lib\asm-util-9.7.jar;c:\Users\Bunty\.vscode\extensions\vmware.vscode-spring-boot-1.56.0\language-server\BOOT-INF\lib\caffeine-3.1.8.jar;c:\Users\Bunty\.vscode\extensions\vmware.vscode-spring-boot-1.56.0\language-server\BOOT-INF\lib\checker-qual-3.12.0.jar;c:\Users\Bunty\.vscode\extensions\vmware.vscode-spring-boot-1.56.0\language-server\BOOT-INF\lib\classgraph-4.8.149.jar;c:\Users\Bunty\.vscode\extensions\vmware.vscode-spring-boot-1.56.0\language-server\BOOT-INF\lib\commons-codec-1.16.1.jar;c:\Users\Bunty\.vscode\extensions\vmware.vscode-spring-boot-1.56.0\language-server\BOOT-INF\lib\commons-compress-1.26.2.jar;c:\Users\Bunty\.vscode\extensions\vmware.vscode-spring-boot-1.56.0\language-server\BOOT-INF\lib\commons-io-2.16.1.jar;c:\Users\Bunty\.vscode\extensions\vmware.vscode-spring-boot-1.56.0\language-server\BOOT-INF\lib\commons-java-1.56.0-SNAPSHOT.jar;c:\Users\Bunty\.vscode\extensions\vmware.vscode-spring-boot-1.56.0\language-server\BOOT-INF\lib\commons-lang3-3.14.0.jar;c:\Users\Bunty\.vscode\extensions\vmware.vscode-spring-boot-1.56.0\language-server\BOOT-INF\lib\commons-language-server-1.56.0-SNAPSHOT.jar;c:\Users\Bunty\.vscode\extensions\vmware.vscode-spring-boot-1.56.0\langu
Launcher Type: SUN_STANDARD

[Global flags]
     intx CICompilerCount                          = 4                                         {product} {ergonomic}
     uint ConcGCThreads                            = 3                                         {product} {ergonomic}
     uint G1ConcRefinementThreads                  = 10                                        {product} {ergonomic}
   size_t G1HeapRegionSize                         = 1048576                                   {product} {ergonomic}
    uintx GCDrainStackTargetSize                   = 64                                        {product} {ergonomic}
   size_t InitialHeapSize                          = 130023424                                 {product} {ergonomic}
   size_t MarkStackSize                            = 4194304                                   {product} {ergonomic}
   size_t MaxHeapSize                              = 1073741824                                {product} {command line}
   size_t MaxNewSize                               = 643825664                                 {product} {ergonomic}
   size_t MinHeapDeltaBytes                        = 1048576                                   {product} {ergonomic}
   size_t MinHeapSize                              = 8388608                                   {product} {ergonomic}
    uintx NonProfiledCodeHeapSize                  = 0                                      {pd product} {ergonomic}
     bool ProfileInterpreter                       = false                                  {pd product} {command line}
    uintx ProfiledCodeHeapSize                     = 0                                      {pd product} {ergonomic}
   size_t SoftMaxHeapSize                          = 1073741824                             {manageable} {ergonomic}
     intx TieredStopAtLevel                        = 1                                         {product} {command line}
     bool UseCompressedClassPointers               = true                           {product lp64_product} {ergonomic}
     bool UseCompressedOops                        = true                           {product lp64_product} {ergonomic}
     bool UseG1GC                                  = true                                      {product} {ergonomic}
     bool UseLargePagesIndividualAllocation        = false                                  {pd product} {ergonomic}

Logging:
Log output configuration:
 #0: stdout all=warning,jni+resolve=off uptime,level,tags
 #1: stderr all=off uptime,level,tags

Environment Variables:
PATH=C:\Program Files\Common Files\Oracle\Java\javapath;C:\Program Files (x86)\Common Files\Oracle\Java\java8path;C:\Program Files (x86)\Common Files\Oracle\Java\javapath;C:\Program Files\Python312\Scripts\;C:\Program Files\Python312\;C:\Windows\system32;C:\Windows;C:\Windows\System32\Wbem;C:\Windows\System32\WindowsPowerShell\v1.0\;C:\Windows\System32\OpenSSH\;C:\Program Files (x86)\NVIDIA Corporation\PhysX\Common;C:\Program Files\NVIDIA Corporation\NVIDIA NvDLISR;C:\WINDOWS\system32;C:\WINDOWS;C:\WINDOWS\System32\Wbem;C:\WINDOWS\System32\WindowsPowerShell\v1.0\;C:\WINDOWS\System32\OpenSSH\;C:\Program Files\Microsoft VS Code\bin;C:\Program Files\apache-maven-3.9.8\bin;C:\ProgramData\chocolatey\bin;C:\ProgramData\chocolatey\lib\maven\apache-maven-3.9.8\bin;C:\Program Files\nodejs\;C:\Program Files\Git\cmd;C:\Program Files\dotnet\;C:\Users\Bunty\AppData\Local\Microsoft\WindowsApps;C:\Users\Bunty\AppData\Roaming\npm;C:\Users\Bunty\AppData\Local\GitHubDesktop\bin;C:\Users\Bunty\.dotnet\tools
USERNAME=Bunty
OS=Windows_NT
PROCESSOR_IDENTIFIER=Intel64 Family 6 Model 141 Stepping 1, GenuineIntel
TMP=C:\Users\Bunty\AppData\Local\Temp
TEMP=C:\Users\Bunty\AppData\Local\Temp



Periodic native trim disabled


---------------  S Y S T E M  ---------------

OS:
 Windows 11 , 64 bit Build 22621 (10.0.22621.3958)
OS uptime: 9 days 14:41 hours

CPU: total 12 (initial active 12) (6 cores per cpu, 2 threads per core) family 6 model 141 stepping 1 microcode 0x34, cx8, cmov, fxsr, ht, mmx, 3dnowpref, sse, sse2, sse3, ssse3, sse4.1, sse4.2, popcnt, lzcnt, tsc, tscinvbit, avx, avx2, aes, erms, clmul, bmi1, bmi2, adx, avx512f, avx512dq, avx512cd, avx512bw, avx512vl, sha, fma, vzeroupper, avx512_vpopcntdq, avx512_vpclmulqdq, avx512_vaes, avx512_vnni, clflush, clflushopt, clwb, avx512_vbmi2, avx512_vbmi
Processor Information for all 12 processors :
  Max Mhz: 2688, Current Mhz: 2688, Mhz Limit: 2688

Memory: 4k page, system-wide physical 7930M (92M free)
TotalPageFile size 27130M (AvailPageFile size 23M)
current process WorkingSet (physical memory assigned to process): 222M, peak: 233M
current process commit charge ("private bytes"): 275M, peak: 302M

vm_info: OpenJDK 64-Bit Server VM (17.0.11+9) for windows-amd64 JRE (17.0.11+9), built on Apr 17 2024 06:07:48 by "admin" with MS VC++ 16.10 / 16.11 (VS2019)

END.
